#-----------------------------------------------------------
# Vivado v2022.2 (64-bit)
# SW Build 3671981 on Fri Oct 14 04:59:54 MDT 2022
# IP Build 3669848 on Fri Oct 14 08:30:02 MDT 2022
# Start of session at: Fri May  2 14:28:23 2025
# Process ID: 921993
# Current directory: /home/drew/ece385/nes
# Command line: vivado
# Log file: /home/drew/ece385/nes/vivado.log
# Journal file: /home/drew/ece385/nes/vivado.jou
# Running On: mayoarch, OS: Linux, CPU Frequency: 4744.892 MHz, CPU Physical cores: 16, Host memory: 33569 MB
#-----------------------------------------------------------
start_gui
open_project /home/drew/ece385/nes/nes.xpr
WARNING: [Board 49-26] cannot add Board Part xilinx.com:ac701:part0:1.4 available at /tools/Xilinx/Vivado/2022.2/data/xhub/boards/XilinxBoardStore/boards/Xilinx/ac701/1.4/board.xml as part xc7a200tfbg676-2 specified in board_part file is either invalid or not available
WARNING: [Board 49-26] cannot add Board Part xilinx.com:k26c:part0:1.2 available at /tools/Xilinx/Vivado/2022.2/data/xhub/boards/XilinxBoardStore/boards/Xilinx/k26c/1.2/board.xml as part xck26-sfvc784-2lv-c specified in board_part file is either invalid or not available
WARNING: [Board 49-26] cannot add Board Part xilinx.com:k26c:part0:1.3 available at /tools/Xilinx/Vivado/2022.2/data/xhub/boards/XilinxBoardStore/boards/Xilinx/k26c/1.3/board.xml as part xck26-sfvc784-2lv-c specified in board_part file is either invalid or not available
WARNING: [Board 49-26] cannot add Board Part xilinx.com:k26c:part0:1.4 available at /tools/Xilinx/Vivado/2022.2/data/xhub/boards/XilinxBoardStore/boards/Xilinx/k26c/1.4/board.xml as part xck26-sfvc784-2lv-c specified in board_part file is either invalid or not available
WARNING: [Board 49-26] cannot add Board Part xilinx.com:k26i:part0:1.2 available at /tools/Xilinx/Vivado/2022.2/data/xhub/boards/XilinxBoardStore/boards/Xilinx/k26i/1.2/board.xml as part xck26-sfvc784-2lvi-i specified in board_part file is either invalid or not available
WARNING: [Board 49-26] cannot add Board Part xilinx.com:k26i:part0:1.3 available at /tools/Xilinx/Vivado/2022.2/data/xhub/boards/XilinxBoardStore/boards/Xilinx/k26i/1.3/board.xml as part xck26-sfvc784-2lvi-i specified in board_part file is either invalid or not available
WARNING: [Board 49-26] cannot add Board Part xilinx.com:k26i:part0:1.4 available at /tools/Xilinx/Vivado/2022.2/data/xhub/boards/XilinxBoardStore/boards/Xilinx/k26i/1.4/board.xml as part xck26-sfvc784-2lvi-i specified in board_part file is either invalid or not available
WARNING: [Board 49-26] cannot add Board Part xilinx.com:kc705:part0:1.6 available at /tools/Xilinx/Vivado/2022.2/data/xhub/boards/XilinxBoardStore/boards/Xilinx/kc705/1.6/board.xml as part xc7k325tffg900-2 specified in board_part file is either invalid or not available
WARNING: [Board 49-26] cannot add Board Part xilinx.com:kcu105:part0:1.6 available at /tools/Xilinx/Vivado/2022.2/data/xhub/boards/XilinxBoardStore/boards/Xilinx/kcu105/1.6/board.xml as part xcku040-ffva1156-2-e specified in board_part file is either invalid or not available
WARNING: [Board 49-26] cannot add Board Part xilinx.com:kcu105:part0:1.7 available at /tools/Xilinx/Vivado/2022.2/data/xhub/boards/XilinxBoardStore/boards/Xilinx/kcu105/1.7/board.xml as part xcku040-ffva1156-2-e specified in board_part file is either invalid or not available
WARNING: [Board 49-26] cannot add Board Part xilinx.com:kcu116:part0:1.4 available at /tools/Xilinx/Vivado/2022.2/data/xhub/boards/XilinxBoardStore/boards/Xilinx/kcu116/1.4/board.xml as part xcku5p-ffvb676-2-e specified in board_part file is either invalid or not available
WARNING: [Board 49-26] cannot add Board Part xilinx.com:kcu116:part0:1.5 available at /tools/Xilinx/Vivado/2022.2/data/xhub/boards/XilinxBoardStore/boards/Xilinx/kcu116/1.5/board.xml as part xcku5p-ffvb676-2-e specified in board_part file is either invalid or not available
WARNING: [Board 49-26] cannot add Board Part xilinx.com:kcu1500:part0:1.2 available at /tools/Xilinx/Vivado/2022.2/data/xhub/boards/XilinxBoardStore/boards/Xilinx/kcu1500/1.2/board.xml as part xcku115-flvb2104-2-e specified in board_part file is either invalid or not available
WARNING: [Board 49-26] cannot add Board Part xilinx.com:kr260_som:part0:1.0 available at /tools/Xilinx/Vivado/2022.2/data/xhub/boards/XilinxBoardStore/boards/Xilinx/kr260_som/1.0/board.xml as part xck26-sfvc784-2lv-c specified in board_part file is either invalid or not available
WARNING: [Board 49-26] cannot add Board Part xilinx.com:kr260_som:part0:1.1 available at /tools/Xilinx/Vivado/2022.2/data/xhub/boards/XilinxBoardStore/boards/Xilinx/kr260_som/1.1/board.xml as part xck26-sfvc784-2lv-c specified in board_part file is either invalid or not available
WARNING: [Board 49-26] cannot add Board Part xilinx.com:kv260_som:part0:1.2 available at /tools/Xilinx/Vivado/2022.2/data/xhub/boards/XilinxBoardStore/boards/Xilinx/kv260_som/1.2/board.xml as part xck26-sfvc784-2lv-c specified in board_part file is either invalid or not available
WARNING: [Board 49-26] cannot add Board Part xilinx.com:kv260_som:part0:1.3 available at /tools/Xilinx/Vivado/2022.2/data/xhub/boards/XilinxBoardStore/boards/Xilinx/kv260_som/1.3/board.xml as part xck26-sfvc784-2lv-c specified in board_part file is either invalid or not available
WARNING: [Board 49-26] cannot add Board Part xilinx.com:kv260_som:part0:1.4 available at /tools/Xilinx/Vivado/2022.2/data/xhub/boards/XilinxBoardStore/boards/Xilinx/kv260_som/1.4/board.xml as part xck26-sfvc784-2lv-c specified in board_part file is either invalid or not available
WARNING: [Board 49-26] cannot add Board Part xilinx.com:vc707:part0:1.4 available at /tools/Xilinx/Vivado/2022.2/data/xhub/boards/XilinxBoardStore/boards/Xilinx/vc707/1.4/board.xml as part xc7vx485tffg1761-2 specified in board_part file is either invalid or not available
WARNING: [Board 49-26] cannot add Board Part xilinx.com:vc709:part0:1.8 available at /tools/Xilinx/Vivado/2022.2/data/xhub/boards/XilinxBoardStore/boards/Xilinx/vc709/1.8/board.xml as part xc7vx690tffg1761-2 specified in board_part file is either invalid or not available
WARNING: [Board 49-26] cannot add Board Part xilinx.com:vck190:part0:2.2 available at /tools/Xilinx/Vivado/2022.2/data/xhub/boards/XilinxBoardStore/boards/Xilinx/vck190/production/2.2/board.xml as part xcvc1902-vsva2197-2mp-e-s specified in board_part file is either invalid or not available
WARNING: [Board 49-26] cannot add Board Part xilinx.com:vck190:part0:3.0 available at /tools/Xilinx/Vivado/2022.2/data/xhub/boards/XilinxBoardStore/boards/Xilinx/vck190/production/3.0/board.xml as part xcvc1902-vsva2197-2mp-e-s specified in board_part file is either invalid or not available
WARNING: [Board 49-26] cannot add Board Part xilinx.com:vck190:part0:3.1 available at /tools/Xilinx/Vivado/2022.2/data/xhub/boards/XilinxBoardStore/boards/Xilinx/vck190/production/3.1/board.xml as part xcvc1902-vsva2197-2mp-e-s specified in board_part file is either invalid or not available
WARNING: [Board 49-26] cannot add Board Part xilinx.com:vck190_newl:part0:1.0 available at /tools/Xilinx/Vivado/2022.2/data/xhub/boards/XilinxBoardStore/boards/Xilinx/vck190_newl/production/1.0/board.xml as part xcvc1902-vsva2197-2mp-e-s specified in board_part file is either invalid or not available
WARNING: [Board 49-26] cannot add Board Part xilinx.com:vcu108:part0:1.6 available at /tools/Xilinx/Vivado/2022.2/data/xhub/boards/XilinxBoardStore/boards/Xilinx/vcu108/1.6/board.xml as part xcvu095-ffva2104-2-e specified in board_part file is either invalid or not available
WARNING: [Board 49-26] cannot add Board Part xilinx.com:vcu108:part0:1.7 available at /tools/Xilinx/Vivado/2022.2/data/xhub/boards/XilinxBoardStore/boards/Xilinx/vcu108/1.7/board.xml as part xcvu095-ffva2104-2-e specified in board_part file is either invalid or not available
WARNING: [Board 49-26] cannot add Board Part xilinx.com:vcu110:part0:1.4 available at /tools/Xilinx/Vivado/2022.2/data/xhub/boards/XilinxBoardStore/boards/Xilinx/vcu110/1.4/board.xml as part xcvu190-flgc2104-2-e specified in board_part file is either invalid or not available
WARNING: [Board 49-26] cannot add Board Part xilinx.com:vcu118:part0:2.0 available at /tools/Xilinx/Vivado/2022.2/data/xhub/boards/XilinxBoardStore/boards/Xilinx/vcu118/2.0/board.xml as part xcvu9p-flga2104-2l-e specified in board_part file is either invalid or not available
WARNING: [Board 49-26] cannot add Board Part xilinx.com:vcu118:part0:2.3 available at /tools/Xilinx/Vivado/2022.2/data/xhub/boards/XilinxBoardStore/boards/Xilinx/vcu118/2.3/board.xml as part xcvu9p-flga2104-2l-e specified in board_part file is either invalid or not available
WARNING: [Board 49-26] cannot add Board Part xilinx.com:vcu118:part0:2.4 available at /tools/Xilinx/Vivado/2022.2/data/xhub/boards/XilinxBoardStore/boards/Xilinx/vcu118/2.4/board.xml as part xcvu9p-flga2104-2l-e specified in board_part file is either invalid or not available
WARNING: [Board 49-26] cannot add Board Part xilinx.com:vcu128:part0:1.0 available at /tools/Xilinx/Vivado/2022.2/data/xhub/boards/XilinxBoardStore/boards/Xilinx/vcu128/production/1.0/board.xml as part xcvu37p-fsvh2892-2l-e specified in board_part file is either invalid or not available
WARNING: [Board 49-26] cannot add Board Part xilinx.com:vcu129:part0:1.0 available at /tools/Xilinx/Vivado/2022.2/data/xhub/boards/XilinxBoardStore/boards/Xilinx/vcu129/production/1.0/board.xml as part xcvu29p-fsga2577-2l-e specified in board_part file is either invalid or not available
WARNING: [Board 49-26] cannot add Board Part xilinx.com:vcu1525:part0:1.3 available at /tools/Xilinx/Vivado/2022.2/data/xhub/boards/XilinxBoardStore/boards/Xilinx/vcu1525/1.3/board.xml as part xcvu9p-fsgd2104-2l-e specified in board_part file is either invalid or not available
WARNING: [Board 49-26] cannot add Board Part xilinx.com:vek280_es:part0:1.0 available at /tools/Xilinx/Vivado/2022.2/data/xhub/boards/XilinxBoardStore/boards/Xilinx/vek280/es/1.0/board.xml as part xcve2802-vsvh1760-2lp-e-s-es1 specified in board_part file is either invalid or not available
WARNING: [Board 49-26] cannot add Board Part xilinx.com:vermeo_t1_mpsoc:part0:1.0 available at /tools/Xilinx/Vivado/2022.2/data/xhub/boards/XilinxBoardStore/boards/Xilinx/vermeo_t1_mpsoc/1.0/board.xml as part xczu19eg-ffvd1760-2l-e specified in board_part file is either invalid or not available
WARNING: [Board 49-26] cannot add Board Part xilinx.com:vermeo_t1_rfsoc:part0:1.0 available at /tools/Xilinx/Vivado/2022.2/data/xhub/boards/XilinxBoardStore/boards/Xilinx/vermeo_t1_rfsoc/1.0/board.xml as part xczu21dr-ffvd1156-2l-e specified in board_part file is either invalid or not available
WARNING: [Board 49-26] cannot add Board Part xilinx.com:vhk158_es:part0:1.0 available at /tools/Xilinx/Vivado/2022.2/data/xhub/boards/XilinxBoardStore/boards/Xilinx/vhk158/es/1.0/board.xml as part xcvh1582-vsva3697-2mp-e-s-es1 specified in board_part file is either invalid or not available
WARNING: [Board 49-26] cannot add Board Part xilinx.com:vmk180:part0:2.2 available at /tools/Xilinx/Vivado/2022.2/data/xhub/boards/XilinxBoardStore/boards/Xilinx/vmk180/production/2.2/board.xml as part xcvm1802-vsva2197-2mp-e-s specified in board_part file is either invalid or not available
WARNING: [Board 49-26] cannot add Board Part xilinx.com:vmk180:part0:3.0 available at /tools/Xilinx/Vivado/2022.2/data/xhub/boards/XilinxBoardStore/boards/Xilinx/vmk180/production/3.0/board.xml as part xcvm1802-vsva2197-2mp-e-s specified in board_part file is either invalid or not available
WARNING: [Board 49-26] cannot add Board Part xilinx.com:vmk180:part0:3.1 available at /tools/Xilinx/Vivado/2022.2/data/xhub/boards/XilinxBoardStore/boards/Xilinx/vmk180/production/3.1/board.xml as part xcvm1802-vsva2197-2mp-e-s specified in board_part file is either invalid or not available
WARNING: [Board 49-26] cannot add Board Part xilinx.com:vmk180_newl:part0:1.0 available at /tools/Xilinx/Vivado/2022.2/data/xhub/boards/XilinxBoardStore/boards/Xilinx/vmk180_newl/production/1.0/board.xml as part xcvm1802-vsva2197-2mp-e-s specified in board_part file is either invalid or not available
WARNING: [Board 49-26] cannot add Board Part xilinx.com:vpk120:part0:1.0 available at /tools/Xilinx/Vivado/2022.2/data/xhub/boards/XilinxBoardStore/boards/Xilinx/vpk120/production/1.0/board.xml as part xcvp1202-vsva2785-2mp-e-s specified in board_part file is either invalid or not available
WARNING: [Board 49-26] cannot add Board Part xilinx.com:vpk120_es:part0:1.2 available at /tools/Xilinx/Vivado/2022.2/data/xhub/boards/XilinxBoardStore/boards/Xilinx/vpk120/es/1.2/board.xml as part xcvp1202-vsva2785-2mp-e-s-es1 specified in board_part file is either invalid or not available
WARNING: [Board 49-26] cannot add Board Part xilinx.com:vpk120_es_revb:part0:1.0 available at /tools/Xilinx/Vivado/2022.2/data/xhub/boards/XilinxBoardStore/boards/Xilinx/vpk120_revb/es/1.0/board.xml as part xcvp1202-vsva2785-2mp-e-s-es1 specified in board_part file is either invalid or not available
WARNING: [Board 49-26] cannot add Board Part xilinx.com:vpk180_es:part0:1.0 available at /tools/Xilinx/Vivado/2022.2/data/xhub/boards/XilinxBoardStore/boards/Xilinx/vpk180/es/1.0/board.xml as part xcvp1802-lsvc4072-2mp-e-s-es1 specified in board_part file is either invalid or not available
WARNING: [Board 49-26] cannot add Board Part xilinx.com:zc702:part0:1.4 available at /tools/Xilinx/Vivado/2022.2/data/xhub/boards/XilinxBoardStore/boards/Xilinx/zc702/1.4/board.xml as part xc7z020clg484-1 specified in board_part file is either invalid or not available
WARNING: [Board 49-26] cannot add Board Part xilinx.com:zc706:part0:1.4 available at /tools/Xilinx/Vivado/2022.2/data/xhub/boards/XilinxBoardStore/boards/Xilinx/zc706/1.4/board.xml as part xc7z045ffg900-2 specified in board_part file is either invalid or not available
WARNING: [Board 49-26] cannot add Board Part xilinx.com:zcu102:part0:3.3 available at /tools/Xilinx/Vivado/2022.2/data/xhub/boards/XilinxBoardStore/boards/Xilinx/zcu102/3.3/board.xml as part xczu9eg-ffvb1156-2-e specified in board_part file is either invalid or not available
WARNING: [Board 49-26] cannot add Board Part xilinx.com:zcu102:part0:3.4 available at /tools/Xilinx/Vivado/2022.2/data/xhub/boards/XilinxBoardStore/boards/Xilinx/zcu102/3.4/board.xml as part xczu9eg-ffvb1156-2-e specified in board_part file is either invalid or not available
WARNING: [Board 49-26] cannot add Board Part xilinx.com:zcu104:part0:1.1 available at /tools/Xilinx/Vivado/2022.2/data/xhub/boards/XilinxBoardStore/boards/Xilinx/zcu104/1.1/board.xml as part xczu7ev-ffvc1156-2-e specified in board_part file is either invalid or not available
WARNING: [Board 49-26] cannot add Board Part xilinx.com:zcu106:part0:2.4 available at /tools/Xilinx/Vivado/2022.2/data/xhub/boards/XilinxBoardStore/boards/Xilinx/zcu106/2.4/board.xml as part xczu7ev-ffvc1156-2-e specified in board_part file is either invalid or not available
WARNING: [Board 49-26] cannot add Board Part xilinx.com:zcu106:part0:2.5 available at /tools/Xilinx/Vivado/2022.2/data/xhub/boards/XilinxBoardStore/boards/Xilinx/zcu106/2.5/board.xml as part xczu7ev-ffvc1156-2-e specified in board_part file is either invalid or not available
WARNING: [Board 49-26] cannot add Board Part xilinx.com:zcu106:part0:2.6 available at /tools/Xilinx/Vivado/2022.2/data/xhub/boards/XilinxBoardStore/boards/Xilinx/zcu106/2.6/board.xml as part xczu7ev-ffvc1156-2-e specified in board_part file is either invalid or not available
WARNING: [Board 49-26] cannot add Board Part xilinx.com:zcu111:part0:1.2 available at /tools/Xilinx/Vivado/2022.2/data/xhub/boards/XilinxBoardStore/boards/Xilinx/zcu111/1.2/board.xml as part xczu28dr-ffvg1517-2-e specified in board_part file is either invalid or not available
WARNING: [Board 49-26] cannot add Board Part xilinx.com:zcu111:part0:1.3 available at /tools/Xilinx/Vivado/2022.2/data/xhub/boards/XilinxBoardStore/boards/Xilinx/zcu111/1.3/board.xml as part xczu28dr-ffvg1517-2-e specified in board_part file is either invalid or not available
WARNING: [Board 49-26] cannot add Board Part xilinx.com:zcu111:part0:1.4 available at /tools/Xilinx/Vivado/2022.2/data/xhub/boards/XilinxBoardStore/boards/Xilinx/zcu111/1.4/board.xml as part xczu28dr-ffvg1517-2-e specified in board_part file is either invalid or not available
WARNING: [Board 49-26] cannot add Board Part xilinx.com:zcu1275:part0:1.0 available at /tools/Xilinx/Vivado/2022.2/data/xhub/boards/XilinxBoardStore/boards/Xilinx/zcu1275/1.0/board.xml as part xczu29dr-ffvf1760-2-e specified in board_part file is either invalid or not available
WARNING: [Board 49-26] cannot add Board Part xilinx.com:zcu1285:part0:1.0 available at /tools/Xilinx/Vivado/2022.2/data/xhub/boards/XilinxBoardStore/boards/Xilinx/zcu1285/1.0/board.xml as part xczu39dr-ffvf1760-2-i specified in board_part file is either invalid or not available
WARNING: [Board 49-26] cannot add Board Part xilinx.com:zcu208:part0:2.0 available at /tools/Xilinx/Vivado/2022.2/data/xhub/boards/XilinxBoardStore/boards/Xilinx/zcu208/production/2.0/board.xml as part xczu48dr-fsvg1517-2-e specified in board_part file is either invalid or not available
WARNING: [Board 49-26] cannot add Board Part xilinx.com:zcu208ld:part0:2.0 available at /tools/Xilinx/Vivado/2022.2/data/xhub/boards/XilinxBoardStore/boards/Xilinx/zcu208ld/production/2.0/board.xml as part xczu58dr-fsvg1517-2-i specified in board_part file is either invalid or not available
WARNING: [Board 49-26] cannot add Board Part xilinx.com:zcu216:part0:2.0 available at /tools/Xilinx/Vivado/2022.2/data/xhub/boards/XilinxBoardStore/boards/Xilinx/zcu216/production/2.0/board.xml as part xczu49dr-ffvf1760-2-e specified in board_part file is either invalid or not available
WARNING: [Board 49-26] cannot add Board Part xilinx.com:zcu216ld:part0:2.0 available at /tools/Xilinx/Vivado/2022.2/data/xhub/boards/XilinxBoardStore/boards/Xilinx/zcu216ld/production/2.0/board.xml as part xczu59dr-ffvf1760-2-i specified in board_part file is either invalid or not available
WARNING: [Board 49-26] cannot add Board Part xilinx.com:zcu670:part0:2.0 available at /tools/Xilinx/Vivado/2022.2/data/xhub/boards/XilinxBoardStore/boards/Xilinx/zcu670/2.0/board.xml as part xczu67dr-fsve1156-2-i specified in board_part file is either invalid or not available
WARNING: [Board 49-26] cannot add Board Part xilinx.com:zcu670ld:part0:1.0 available at /tools/Xilinx/Vivado/2022.2/data/xhub/boards/XilinxBoardStore/boards/Xilinx/zcu670ld/1.0/board.xml as part xczu57dr-fsve1156-2-i specified in board_part file is either invalid or not available
INFO: [Project 1-313] Project file moved from 'C:/Users/Mark/Documents/NESV/NESV' since last save.
INFO: [filemgmt 56-3] Default IP Output Path : Could not find the directory '/home/drew/ece385/nes/nes.gen/sources_1'.
Scanning sources...
Finished scanning sources
WARNING: [Project 1-509] GeneratedRun file for 'synth_1' not found
WARNING: [Project 1-509] GeneratedRun file for 'hdmi_tx_0_synth_1' not found
WARNING: [Project 1-509] GeneratedRun file for 'frame_buffr_synth_1' not found
WARNING: [Project 1-509] GeneratedRun file for 'clk_wiz_0_synth_1' not found
WARNING: [Project 1-509] GeneratedRun file for 'clk_wiz_1_synth_1' not found
WARNING: [Project 1-509] GeneratedRun file for 'cpu_ram_synth_1' not found
WARNING: [Project 1-509] GeneratedRun file for 'vram_synth_1' not found
WARNING: [Project 1-509] GeneratedRun file for 'mb_block_dlmb_v10_0_synth_1' not found
WARNING: [Project 1-509] GeneratedRun file for 'mb_block_microblaze_0_0_synth_1' not found
WARNING: [Project 1-509] GeneratedRun file for 'mb_block_ilmb_v10_0_synth_1' not found
WARNING: [Project 1-509] GeneratedRun file for 'mb_block_dlmb_bram_if_cntlr_0_synth_1' not found
WARNING: [Project 1-509] GeneratedRun file for 'mb_block_xbar_0_synth_1' not found
WARNING: [Project 1-509] GeneratedRun file for 'mb_block_ilmb_bram_if_cntlr_0_synth_1' not found
WARNING: [Project 1-509] GeneratedRun file for 'mb_block_lmb_bram_0_synth_1' not found
WARNING: [Project 1-509] GeneratedRun file for 'mb_block_clk_wiz_1_0_synth_1' not found
WARNING: [Project 1-509] GeneratedRun file for 'mb_block_mdm_1_0_synth_1' not found
WARNING: [Project 1-509] GeneratedRun file for 'mb_block_microblaze_0_axi_intc_0_synth_1' not found
WARNING: [Project 1-509] GeneratedRun file for 'mb_block_rst_clk_wiz_1_100M_0_synth_1' not found
WARNING: [Project 1-509] GeneratedRun file for 'mb_block_axi_gpio_0_1_synth_1' not found
WARNING: [Project 1-509] GeneratedRun file for 'mb_block_axi_timer_0_0_synth_1' not found
WARNING: [Project 1-509] GeneratedRun file for 'mb_block_axi_uartlite_0_0_synth_1' not found
WARNING: [Project 1-509] GeneratedRun file for 'mb_block_axi_gpio_0_3_synth_1' not found
WARNING: [Project 1-509] GeneratedRun file for 'mb_block_axi_quad_spi_0_0_synth_1' not found
WARNING: [Project 1-509] GeneratedRun file for 'mb_block_axi_gpio_0_2_synth_1' not found
WARNING: [Project 1-509] GeneratedRun file for 'impl_1' not found
INFO: [IP_Flow 19-234] Refreshing IP repositories
INFO: [IP_Flow 19-1700] Loaded user IP repository '/home/drew/uiuc/ece385/ip_repo'.
INFO: [IP_Flow 19-2313] Loaded Vivado IP repository '/tools/Xilinx/Vivado/2022.2/data/ip'.
WARNING: [IP_Flow 19-1663] Duplicate IP found for 'user.org:user:hdmi_text_controller:1.0'. The one found in IP location '/home/drew/uiuc/ece385/ip_repo/hdmi_text_controller_1_0/hdmi_text_controller_1_0_7_1' will take precedence over the same IP in locations: 
   /home/drew/uiuc/ece385/ip_repo/hdmi_text_controller_2_0
   /home/drew/uiuc/ece385/ip_repo/hdmi_text_controller_1_0_7_1
open_project: Time (s): cpu = 00:00:21 ; elapsed = 00:00:14 . Memory (MB): peak = 6898.105 ; gain = 572.887 ; free physical = 14466 ; free virtual = 24078
open_bd_design {/home/drew/ece385/nes/nes.srcs/sources_1/bd/mb_block/mb_block.bd}
Reading block design file </home/drew/ece385/nes/nes.srcs/sources_1/bd/mb_block/mb_block.bd>...
Adding component instance block -- xilinx.com:ip:microblaze:11.0 - microblaze_0
Adding component instance block -- xilinx.com:ip:lmb_v10:3.0 - dlmb_v10
Adding component instance block -- xilinx.com:ip:lmb_v10:3.0 - ilmb_v10
Adding component instance block -- xilinx.com:ip:lmb_bram_if_cntlr:4.0 - dlmb_bram_if_cntlr
Adding component instance block -- xilinx.com:ip:lmb_bram_if_cntlr:4.0 - ilmb_bram_if_cntlr
Adding component instance block -- xilinx.com:ip:blk_mem_gen:8.4 - lmb_bram
Adding component instance block -- xilinx.com:ip:axi_interconnect:2.1 - microblaze_0_axi_periph
Adding component instance block -- xilinx.com:ip:axi_crossbar:2.1 - xbar
Adding component instance block -- xilinx.com:ip:axi_intc:4.1 - microblaze_0_axi_intc
Adding component instance block -- xilinx.com:ip:mdm:3.2 - mdm_1
Adding component instance block -- xilinx.com:ip:clk_wiz:6.0 - clk_wiz_1
Adding component instance block -- xilinx.com:ip:proc_sys_reset:5.0 - rst_clk_wiz_1_100M
Adding component instance block -- xilinx.com:ip:axi_uartlite:2.0 - axi_uartlite_0
Adding component instance block -- xilinx.com:ip:axi_gpio:2.0 - gpio_usb_rst
Adding component instance block -- xilinx.com:ip:axi_gpio:2.0 - gpio_usb_int
Adding component instance block -- xilinx.com:ip:axi_gpio:2.0 - gpio_usb_keycode
Adding component instance block -- xilinx.com:ip:axi_timer:2.0 - timer_usb_axi
Adding component instance block -- xilinx.com:ip:axi_quad_spi:3.2 - spi_usb
Adding component instance block -- xilinx.com:ip:xlconcat:2.1 - xlconcat_0
Successfully read diagram <mb_block> from block design file </home/drew/ece385/nes/nes.srcs/sources_1/bd/mb_block/mb_block.bd>
launch_runs impl_1 -to_step write_bitstream -jobs 16
INFO: [IP_Flow 19-1686] Generating 'Synthesis' target for IP 'pgr_rom'...
INFO: [IP_Flow 19-6924] IPCACHE: Running cache check for IP inst: pgr_rom
INFO: [IP_Flow 19-1686] Generating 'Synthesis' target for IP 'chr_rom'...
INFO: [IP_Flow 19-6924] IPCACHE: Running cache check for IP inst: chr_rom
INFO: [IP_Flow 19-1686] Generating 'Synthesis' target for IP 'vga_clk_wiz'...
INFO: [IP_Flow 19-1686] Generating 'Implementation' target for IP 'vga_clk_wiz'...
INFO: [IP_Flow 19-6924] IPCACHE: Running cache check for IP inst: vga_clk_wiz
INFO: [IP_Flow 19-1686] Generating 'Synthesis' target for IP 'hdmi_tx_0'...
INFO: [IP_Flow 19-1686] Generating 'Synthesis' target for IP 'frame_buffr'...
INFO: [IP_Flow 19-1686] Generating 'Synthesis' target for IP 'clk_wiz_0'...
INFO: [IP_Flow 19-1686] Generating 'Implementation' target for IP 'clk_wiz_0'...
INFO: [IP_Flow 19-1686] Generating 'Synthesis' target for IP 'clk_wiz_1'...
INFO: [IP_Flow 19-1686] Generating 'Implementation' target for IP 'clk_wiz_1'...
INFO: [IP_Flow 19-1686] Generating 'Synthesis' target for IP 'cpu_ram'...
INFO: [IP_Flow 19-1686] Generating 'Synthesis' target for IP 'vram'...
[Fri May  2 14:36:41 2025] Launched hdmi_tx_0_synth_1, frame_buffr_synth_1, clk_wiz_0_synth_1, clk_wiz_1_synth_1, cpu_ram_synth_1, vram_synth_1, mb_block_dlmb_v10_0_synth_1, mb_block_microblaze_0_0_synth_1, mb_block_ilmb_v10_0_synth_1, mb_block_dlmb_bram_if_cntlr_0_synth_1, mb_block_xbar_0_synth_1, mb_block_ilmb_bram_if_cntlr_0_synth_1, mb_block_lmb_bram_0_synth_1, mb_block_clk_wiz_1_0_synth_1, mb_block_mdm_1_0_synth_1, mb_block_microblaze_0_axi_intc_0_synth_1, mb_block_rst_clk_wiz_1_100M_0_synth_1, mb_block_axi_gpio_0_1_synth_1, mb_block_axi_timer_0_0_synth_1, mb_block_axi_uartlite_0_0_synth_1, mb_block_axi_gpio_0_3_synth_1, mb_block_axi_quad_spi_0_0_synth_1, mb_block_axi_gpio_0_2_synth_1, chr_rom_synth_1, vga_clk_wiz_synth_1, pgr_rom_synth_1, synth_1...
Run output will be captured here:
hdmi_tx_0_synth_1: /home/drew/ece385/nes/nes.runs/hdmi_tx_0_synth_1/runme.log
frame_buffr_synth_1: /home/drew/ece385/nes/nes.runs/frame_buffr_synth_1/runme.log
clk_wiz_0_synth_1: /home/drew/ece385/nes/nes.runs/clk_wiz_0_synth_1/runme.log
clk_wiz_1_synth_1: /home/drew/ece385/nes/nes.runs/clk_wiz_1_synth_1/runme.log
cpu_ram_synth_1: /home/drew/ece385/nes/nes.runs/cpu_ram_synth_1/runme.log
vram_synth_1: /home/drew/ece385/nes/nes.runs/vram_synth_1/runme.log
mb_block_dlmb_v10_0_synth_1: /home/drew/ece385/nes/nes.runs/mb_block_dlmb_v10_0_synth_1/runme.log
mb_block_microblaze_0_0_synth_1: /home/drew/ece385/nes/nes.runs/mb_block_microblaze_0_0_synth_1/runme.log
mb_block_ilmb_v10_0_synth_1: /home/drew/ece385/nes/nes.runs/mb_block_ilmb_v10_0_synth_1/runme.log
mb_block_dlmb_bram_if_cntlr_0_synth_1: /home/drew/ece385/nes/nes.runs/mb_block_dlmb_bram_if_cntlr_0_synth_1/runme.log
mb_block_xbar_0_synth_1: /home/drew/ece385/nes/nes.runs/mb_block_xbar_0_synth_1/runme.log
mb_block_ilmb_bram_if_cntlr_0_synth_1: /home/drew/ece385/nes/nes.runs/mb_block_ilmb_bram_if_cntlr_0_synth_1/runme.log
mb_block_lmb_bram_0_synth_1: /home/drew/ece385/nes/nes.runs/mb_block_lmb_bram_0_synth_1/runme.log
mb_block_clk_wiz_1_0_synth_1: /home/drew/ece385/nes/nes.runs/mb_block_clk_wiz_1_0_synth_1/runme.log
mb_block_mdm_1_0_synth_1: /home/drew/ece385/nes/nes.runs/mb_block_mdm_1_0_synth_1/runme.log
mb_block_microblaze_0_axi_intc_0_synth_1: /home/drew/ece385/nes/nes.runs/mb_block_microblaze_0_axi_intc_0_synth_1/runme.log
mb_block_rst_clk_wiz_1_100M_0_synth_1: /home/drew/ece385/nes/nes.runs/mb_block_rst_clk_wiz_1_100M_0_synth_1/runme.log
mb_block_axi_gpio_0_1_synth_1: /home/drew/ece385/nes/nes.runs/mb_block_axi_gpio_0_1_synth_1/runme.log
mb_block_axi_timer_0_0_synth_1: /home/drew/ece385/nes/nes.runs/mb_block_axi_timer_0_0_synth_1/runme.log
mb_block_axi_uartlite_0_0_synth_1: /home/drew/ece385/nes/nes.runs/mb_block_axi_uartlite_0_0_synth_1/runme.log
mb_block_axi_gpio_0_3_synth_1: /home/drew/ece385/nes/nes.runs/mb_block_axi_gpio_0_3_synth_1/runme.log
mb_block_axi_quad_spi_0_0_synth_1: /home/drew/ece385/nes/nes.runs/mb_block_axi_quad_spi_0_0_synth_1/runme.log
mb_block_axi_gpio_0_2_synth_1: /home/drew/ece385/nes/nes.runs/mb_block_axi_gpio_0_2_synth_1/runme.log
chr_rom_synth_1: /home/drew/ece385/nes/nes.runs/chr_rom_synth_1/runme.log
vga_clk_wiz_synth_1: /home/drew/ece385/nes/nes.runs/vga_clk_wiz_synth_1/runme.log
pgr_rom_synth_1: /home/drew/ece385/nes/nes.runs/pgr_rom_synth_1/runme.log
synth_1: /home/drew/ece385/nes/nes.runs/synth_1/runme.log
[Fri May  2 14:36:44 2025] Launched impl_1...
Run output will be captured here: /home/drew/ece385/nes/nes.runs/impl_1/runme.log
launch_runs: Time (s): cpu = 00:00:18 ; elapsed = 00:00:16 . Memory (MB): peak = 9012.105 ; gain = 478.879 ; free physical = 12062 ; free virtual = 21653
