INFO: [VRFC 10-2263] Analyzing SystemVerilog file "/home/drew/uiuc/ece385/nes/nes.srcs/sources_1/imports/src/VGA_controller.sv" into library xil_defaultlib
INFO: [VRFC 10-311] analyzing module vga_controller
INFO: [VRFC 10-2263] Analyzing SystemVerilog file "/home/drew/uiuc/ece385/nes/nes.srcs/sources_1/new/chr_rom_mod.sv" into library xil_defaultlib
INFO: [VRFC 10-311] analyzing module chr_rom_mod
INFO: [VRFC 10-2263] Analyzing SystemVerilog file "/home/drew/uiuc/ece385/nes/nes.srcs/sources_1/new/clock.sv" into library xil_defaultlib
INFO: [VRFC 10-311] analyzing module clock
INFO: [VRFC 10-2263] Analyzing SystemVerilog file "/home/drew/uiuc/ece385/nes/nes.srcs/sources_1/new/cpu.sv" into library xil_defaultlib
INFO: [VRFC 10-311] analyzing module cpu
INFO: [VRFC 10-2263] Analyzing SystemVerilog file "/home/drew/uiuc/ece385/nes/nes.srcs/sources_1/new/nes.sv" into library xil_defaultlib
INFO: [VRFC 10-311] analyzing module nes
INFO: [VRFC 10-2263] Analyzing SystemVerilog file "/home/drew/uiuc/ece385/nes/nes.srcs/sources_1/new/palletes.sv" into library xil_defaultlib
INFO: [VRFC 10-311] analyzing module palette_rom
INFO: [VRFC 10-2263] Analyzing SystemVerilog file "/home/drew/uiuc/ece385/nes/nes.srcs/sources_1/new/pgr_rom.sv" into library xil_defaultlib
INFO: [VRFC 10-311] analyzing module pgr_rom_mod
INFO: [VRFC 10-2263] Analyzing SystemVerilog file "/home/drew/uiuc/ece385/nes/nes.srcs/sources_1/new/ppu_to_hdmi.sv" into library xil_defaultlib
INFO: [VRFC 10-311] analyzing module ppu_to_hdmi
INFO: [VRFC 10-2263] Analyzing SystemVerilog file "/home/drew/uiuc/ece385/nes/nes.srcs/sources_1/new/ppu_v2.sv" into library xil_defaultlib
INFO: [VRFC 10-311] analyzing module ppu_v2
INFO: [VRFC 10-2263] Analyzing SystemVerilog file "/home/drew/uiuc/ece385/nes/nes.srcs/sources_1/imports/new/clk_tb.sv" into library xil_defaultlib
INFO: [VRFC 10-311] analyzing module cpu_nestest
