
*** Running vivado
    with args -log frame_buffr.vds -m64 -product Vivado -mode batch -messageDb vivado.pb -notrace -source frame_buffr.tcl



****** Vivado v2022.2 (64-bit)
  **** SW Build 3671981 on Fri Oct 14 05:00:03 MDT 2022
  **** IP Build 3669848 on Fri Oct 14 08:30:02 MDT 2022
    ** Copyright 1986-2022 Xilinx, Inc. All Rights Reserved.

source frame_buffr.tcl -notrace
create_project: Time (s): cpu = 00:00:12 ; elapsed = 00:00:15 . Memory (MB): peak = 373.359 ; gain = 46.141
INFO: [IP_Flow 19-234] Refreshing IP repositories
WARNING: [IP_Flow 19-2248] Failed to load user IP repository 'c:/Users/Mark/Documents/uiuc/ece385/ip_repo'; Can't find the specified path.
If this directory should no longer be in your list of user repositories, go to the IP Settings dialog and remove it.
INFO: [IP_Flow 19-2313] Loaded Vivado IP repository 'C:/Xilinx/Vivado/2022.2/data/ip'.
INFO: [IP_Flow 19-6924] IPCACHE: Running cache check for IP inst: frame_buffr
INFO: [IP_Flow 19-6922] IPCACHE: Exporting cached entry 3d81d76e84edd9ba to dir: C:/Users/Mark/Documents/NESV/NESV/nes.runs/frame_buffr_synth_1
INFO: [IP_Flow 19-6928] IPCACHE: copied cached file c:/Users/Mark/Documents/NESV/NESV/nes.cache/ip/2022.2/3/d/3d81d76e84edd9ba/frame_buffr.dcp to C:/Users/Mark/Documents/NESV/NESV/nes.runs/frame_buffr_synth_1/frame_buffr.dcp.
INFO: [IP_Flow 19-6928] IPCACHE: copied cached file c:/Users/Mark/Documents/NESV/NESV/nes.cache/ip/2022.2/3/d/3d81d76e84edd9ba/frame_buffr_sim_netlist.v to C:/Users/Mark/Documents/NESV/NESV/nes.runs/frame_buffr_synth_1/frame_buffr_sim_netlist.v.
INFO: [IP_Flow 19-6928] IPCACHE: copied cached file c:/Users/Mark/Documents/NESV/NESV/nes.cache/ip/2022.2/3/d/3d81d76e84edd9ba/frame_buffr_sim_netlist.vhdl to C:/Users/Mark/Documents/NESV/NESV/nes.runs/frame_buffr_synth_1/frame_buffr_sim_netlist.vhdl.
INFO: [IP_Flow 19-6928] IPCACHE: copied cached file c:/Users/Mark/Documents/NESV/NESV/nes.cache/ip/2022.2/3/d/3d81d76e84edd9ba/frame_buffr_stub.v to C:/Users/Mark/Documents/NESV/NESV/nes.runs/frame_buffr_synth_1/frame_buffr_stub.v.
INFO: [IP_Flow 19-6928] IPCACHE: copied cached file c:/Users/Mark/Documents/NESV/NESV/nes.cache/ip/2022.2/3/d/3d81d76e84edd9ba/frame_buffr_stub.vhdl to C:/Users/Mark/Documents/NESV/NESV/nes.runs/frame_buffr_synth_1/frame_buffr_stub.vhdl.
INFO: [IP_Flow 19-4838] Using cached IP synthesis design for IP frame_buffr, cache-ID = 3d81d76e84edd9ba.
INFO: [Common 17-206] Exiting Vivado at Fri May  2 01:06:56 2025...
