01:49:50 DEBUG : Logs will be stored at 'C:/Users/Mark/Documents/NESV/NESV/workspace/IDE.log'.
01:49:52 INFO  : Platform repository initialization has completed.
01:49:52 INFO  : Launching XSCT server: xsct.bat -n  -interactive C:\Users\Mark\Documents\NESV\NESV\workspace\temp_xsdb_launch_script.tcl
01:49:52 INFO  : Registering command handlers for Vitis TCF services
01:49:55 INFO  : XSCT server has started successfully.
01:49:58 INFO  : plnx-install-location is set to ''
01:49:58 INFO  : Successfully done setting XSCT server connection channel  
01:49:58 INFO  : Successfully done query RDI_DATADIR 
01:49:58 INFO  : Successfully done setting workspace for the tool. 
01:50:44 INFO  : Result from executing command 'getProjects': nes
01:50:44 INFO  : Result from executing command 'getPlatforms': 
01:50:44 WARN  : An unexpected exception occurred in the module 'platform project logging'
01:50:44 INFO  : Platform 'nes' is added to custom repositories.
01:50:45 INFO  : Platform 'nes' is added to custom repositories.
02:12:49 INFO  : Connected to target on host '127.0.0.1' and port '3121'.
02:12:49 INFO  : Jtag cable 'RealDigital Boo 88710000000EA' is selected.
02:12:49 INFO  : 'jtag frequency' command is executed.
02:12:49 INFO  : 'targets -set -filter {jtag_cable_name =~ "RealDigital Boo 88710000000EA" && level==0 && jtag_device_ctx=="jsn1-0362f093-0"}' command is executed.
02:12:50 INFO  : Device configured successfully with "C:/Users/Mark/Documents/NESV/NESV/workspace/nesv/_ide/bitstream/nes.bit"
02:12:51 INFO  : Context for processor 'microblaze_0' is selected.
02:12:51 INFO  : Hardware design and registers information is loaded from 'C:/Users/Mark/Documents/NESV/NESV/workspace/nes/export/nes/hw/nes.xsa'.
02:12:51 INFO  : 'configparams mdm-detect-bscan-mask 2' command is executed.
02:12:51 INFO  : Context for processor 'microblaze_0' is selected.
02:12:51 INFO  : System reset is completed.
02:12:54 INFO  : 'after 3000' command is executed.
02:12:54 INFO  : ----------------XSDB Script----------------
connect -url tcp:127.0.0.1:3121
targets -set -filter {jtag_cable_name =~ "RealDigital Boo 88710000000EA" && level==0 && jtag_device_ctx=="jsn1-0362f093-0"}
fpga -file C:/Users/Mark/Documents/NESV/NESV/workspace/nesv/_ide/bitstream/nes.bit
targets -set -nocase -filter {name =~ "*microblaze*#0" && bscan=="USER2" }
loadhw -hw C:/Users/Mark/Documents/NESV/NESV/workspace/nes/export/nes/hw/nes.xsa -regs
configparams mdm-detect-bscan-mask 2
targets -set -nocase -filter {name =~ "*microblaze*#0" && bscan=="USER2" }
rst -system
after 3000
----------------End of Script----------------

02:12:54 INFO  : Launch script is exported to file 'C:\Users\Mark\Documents\NESV\NESV\workspace\nesv_system\_ide\scripts\systemdebugger_nesv_system_standalone.tcl'
02:13:03 INFO  : Result from executing command 'getProjects': nes
02:13:03 INFO  : Result from executing command 'getPlatforms': nes|C:/Users/Mark/Documents/NESV/NESV/workspace/nes/export/nes/nes.xpfm
02:13:03 INFO  : Checking for BSP changes to sync application flags for project 'nesv'...
02:13:15 INFO  : Disconnected from the channel tcfchan#1.
02:13:15 INFO  : Connected to target on host '127.0.0.1' and port '3121'.
02:13:15 INFO  : Jtag cable 'RealDigital Boo 88710000000EA' is selected.
02:13:15 INFO  : 'jtag frequency' command is executed.
02:13:15 INFO  : 'targets -set -filter {jtag_cable_name =~ "RealDigital Boo 88710000000EA" && level==0 && jtag_device_ctx=="jsn1-0362f093-0"}' command is executed.
02:13:16 INFO  : Device configured successfully with "C:/Users/Mark/Documents/NESV/NESV/workspace/nesv/_ide/bitstream/nes.bit"
02:13:16 INFO  : Context for processor 'microblaze_0' is selected.
02:13:16 INFO  : Hardware design and registers information is loaded from 'C:/Users/Mark/Documents/NESV/NESV/workspace/nes/export/nes/hw/nes.xsa'.
02:13:16 INFO  : 'configparams mdm-detect-bscan-mask 2' command is executed.
02:13:16 INFO  : Context for processor 'microblaze_0' is selected.
02:13:16 INFO  : System reset is completed.
02:13:19 INFO  : 'after 3000' command is executed.
02:13:19 INFO  : Context for processor 'microblaze_0' is selected.
02:13:20 INFO  : The application 'C:/Users/Mark/Documents/NESV/NESV/workspace/nesv/Debug/nesv.elf' is downloaded to processor 'microblaze_0'.
02:13:20 INFO  : ----------------XSDB Script----------------
connect -url tcp:127.0.0.1:3121
targets -set -filter {jtag_cable_name =~ "RealDigital Boo 88710000000EA" && level==0 && jtag_device_ctx=="jsn1-0362f093-0"}
fpga -file C:/Users/Mark/Documents/NESV/NESV/workspace/nesv/_ide/bitstream/nes.bit
targets -set -nocase -filter {name =~ "*microblaze*#0" && bscan=="USER2" }
loadhw -hw C:/Users/Mark/Documents/NESV/NESV/workspace/nes/export/nes/hw/nes.xsa -regs
configparams mdm-detect-bscan-mask 2
targets -set -nocase -filter {name =~ "*microblaze*#0" && bscan=="USER2" }
rst -system
after 3000
targets -set -nocase -filter {name =~ "*microblaze*#0" && bscan=="USER2" }
dow C:/Users/Mark/Documents/NESV/NESV/workspace/nesv/Debug/nesv.elf
----------------End of Script----------------

02:13:20 INFO  : Context for processor 'microblaze_0' is selected.
02:13:20 INFO  : 'con' command is executed.
02:13:20 INFO  : ----------------XSDB Script (After Launch)----------------
targets -set -nocase -filter {name =~ "*microblaze*#0" && bscan=="USER2" }
con
----------------End of Script----------------

02:13:20 INFO  : Launch script is exported to file 'C:\Users\Mark\Documents\NESV\NESV\workspace\nesv_system\_ide\scripts\systemdebugger_nesv_system_standalone.tcl'
02:13:48 INFO  : Connected to target on host '127.0.0.1' and port '3121'.
02:13:48 INFO  : Jtag cable 'RealDigital Boo 88710000000EA' is selected.
02:13:48 INFO  : 'jtag frequency' command is executed.
02:13:48 INFO  : 'targets -set -filter {jtag_cable_name =~ "RealDigital Boo 88710000000EA" && level==0 && jtag_device_ctx=="jsn1-0362f093-0"}' command is executed.
02:13:49 INFO  : Device configured successfully with "C:/Users/Mark/Documents/NESV/NESV/workspace/nesv/_ide/bitstream/nes.bit"
02:13:49 INFO  : Context for processor 'microblaze_0' is selected.
02:13:49 INFO  : Hardware design and registers information is loaded from 'C:/Users/Mark/Documents/NESV/NESV/workspace/nes/export/nes/hw/nes.xsa'.
02:13:49 INFO  : 'configparams mdm-detect-bscan-mask 2' command is executed.
02:13:49 INFO  : Context for processor 'microblaze_0' is selected.
02:13:49 INFO  : System reset is completed.
02:13:52 INFO  : 'after 3000' command is executed.
02:13:52 INFO  : Context for processor 'microblaze_0' is selected.
02:13:52 INFO  : The application 'C:/Users/Mark/Documents/NESV/NESV/workspace/nesv/Debug/nesv.elf' is downloaded to processor 'microblaze_0'.
02:13:52 INFO  : ----------------XSDB Script----------------
connect -url tcp:127.0.0.1:3121
targets -set -filter {jtag_cable_name =~ "RealDigital Boo 88710000000EA" && level==0 && jtag_device_ctx=="jsn1-0362f093-0"}
fpga -file C:/Users/Mark/Documents/NESV/NESV/workspace/nesv/_ide/bitstream/nes.bit
targets -set -nocase -filter {name =~ "*microblaze*#0" && bscan=="USER2" }
loadhw -hw C:/Users/Mark/Documents/NESV/NESV/workspace/nes/export/nes/hw/nes.xsa -regs
configparams mdm-detect-bscan-mask 2
targets -set -nocase -filter {name =~ "*microblaze*#0" && bscan=="USER2" }
rst -system
after 3000
targets -set -nocase -filter {name =~ "*microblaze*#0" && bscan=="USER2" }
dow C:/Users/Mark/Documents/NESV/NESV/workspace/nesv/Debug/nesv.elf
----------------End of Script----------------

02:13:52 INFO  : Context for processor 'microblaze_0' is selected.
02:13:52 INFO  : 'con' command is executed.
02:13:52 INFO  : ----------------XSDB Script (After Launch)----------------
targets -set -nocase -filter {name =~ "*microblaze*#0" && bscan=="USER2" }
con
----------------End of Script----------------

02:13:52 INFO  : Disconnected from the channel tcfchan#3.
02:15:56 INFO  : Connected to target on host '127.0.0.1' and port '3121'.
02:15:56 INFO  : Jtag cable 'RealDigital Boo 88710000000EA' is selected.
02:15:56 INFO  : 'jtag frequency' command is executed.
02:15:56 INFO  : 'targets -set -filter {jtag_cable_name =~ "RealDigital Boo 88710000000EA" && level==0 && jtag_device_ctx=="jsn1-0362f093-0"}' command is executed.
02:15:57 INFO  : Device configured successfully with "C:/Users/Mark/Documents/NESV/NESV/workspace/nesv/_ide/bitstream/nes.bit"
02:15:57 INFO  : Context for processor 'microblaze_0' is selected.
02:15:57 INFO  : Hardware design and registers information is loaded from 'C:/Users/Mark/Documents/NESV/NESV/workspace/nes/export/nes/hw/nes.xsa'.
02:15:57 INFO  : 'configparams mdm-detect-bscan-mask 2' command is executed.
02:15:57 INFO  : Context for processor 'microblaze_0' is selected.
02:15:57 INFO  : System reset is completed.
02:16:00 INFO  : 'after 3000' command is executed.
02:16:00 INFO  : Context for processor 'microblaze_0' is selected.
02:16:01 INFO  : The application 'C:/Users/Mark/Documents/NESV/NESV/workspace/nesv/Debug/nesv.elf' is downloaded to processor 'microblaze_0'.
02:16:01 INFO  : ----------------XSDB Script----------------
connect -url tcp:127.0.0.1:3121
targets -set -filter {jtag_cable_name =~ "RealDigital Boo 88710000000EA" && level==0 && jtag_device_ctx=="jsn1-0362f093-0"}
fpga -file C:/Users/Mark/Documents/NESV/NESV/workspace/nesv/_ide/bitstream/nes.bit
targets -set -nocase -filter {name =~ "*microblaze*#0" && bscan=="USER2" }
loadhw -hw C:/Users/Mark/Documents/NESV/NESV/workspace/nes/export/nes/hw/nes.xsa -regs
configparams mdm-detect-bscan-mask 2
targets -set -nocase -filter {name =~ "*microblaze*#0" && bscan=="USER2" }
rst -system
after 3000
targets -set -nocase -filter {name =~ "*microblaze*#0" && bscan=="USER2" }
dow C:/Users/Mark/Documents/NESV/NESV/workspace/nesv/Debug/nesv.elf
----------------End of Script----------------

02:16:01 INFO  : Context for processor 'microblaze_0' is selected.
02:16:01 INFO  : 'con' command is executed.
02:16:01 INFO  : ----------------XSDB Script (After Launch)----------------
targets -set -nocase -filter {name =~ "*microblaze*#0" && bscan=="USER2" }
con
----------------End of Script----------------

02:16:01 INFO  : Disconnected from the channel tcfchan#4.
02:18:39 INFO  : Connected to target on host '127.0.0.1' and port '3121'.
02:18:39 INFO  : Jtag cable 'RealDigital Boo 88710000000EA' is selected.
02:18:39 INFO  : 'jtag frequency' command is executed.
02:18:39 INFO  : 'targets -set -filter {jtag_cable_name =~ "RealDigital Boo 88710000000EA" && level==0 && jtag_device_ctx=="jsn1-0362f093-0"}' command is executed.
02:18:40 INFO  : Device configured successfully with "C:/Users/Mark/Documents/NESV/NESV/workspace/nesv/_ide/bitstream/nes.bit"
02:18:40 INFO  : Context for processor 'microblaze_0' is selected.
02:18:40 INFO  : Hardware design and registers information is loaded from 'C:/Users/Mark/Documents/NESV/NESV/workspace/nes/export/nes/hw/nes.xsa'.
02:18:40 INFO  : 'configparams mdm-detect-bscan-mask 2' command is executed.
02:18:40 INFO  : Context for processor 'microblaze_0' is selected.
02:18:40 INFO  : System reset is completed.
02:18:43 INFO  : 'after 3000' command is executed.
02:18:43 INFO  : Context for processor 'microblaze_0' is selected.
02:18:43 INFO  : The application 'C:/Users/Mark/Documents/NESV/NESV/workspace/nesv/Debug/nesv.elf' is downloaded to processor 'microblaze_0'.
02:18:43 INFO  : ----------------XSDB Script----------------
connect -url tcp:127.0.0.1:3121
targets -set -filter {jtag_cable_name =~ "RealDigital Boo 88710000000EA" && level==0 && jtag_device_ctx=="jsn1-0362f093-0"}
fpga -file C:/Users/Mark/Documents/NESV/NESV/workspace/nesv/_ide/bitstream/nes.bit
targets -set -nocase -filter {name =~ "*microblaze*#0" && bscan=="USER2" }
loadhw -hw C:/Users/Mark/Documents/NESV/NESV/workspace/nes/export/nes/hw/nes.xsa -regs
configparams mdm-detect-bscan-mask 2
targets -set -nocase -filter {name =~ "*microblaze*#0" && bscan=="USER2" }
rst -system
after 3000
targets -set -nocase -filter {name =~ "*microblaze*#0" && bscan=="USER2" }
dow C:/Users/Mark/Documents/NESV/NESV/workspace/nesv/Debug/nesv.elf
----------------End of Script----------------

02:18:43 INFO  : Context for processor 'microblaze_0' is selected.
02:18:43 INFO  : 'con' command is executed.
02:18:43 INFO  : ----------------XSDB Script (After Launch)----------------
targets -set -nocase -filter {name =~ "*microblaze*#0" && bscan=="USER2" }
con
----------------End of Script----------------

02:18:43 INFO  : Disconnected from the channel tcfchan#5.
02:19:11 WARN  : channel "tcfchan#3" closed
03:36:08 DEBUG : Logs will be stored at 'C:/Users/Mark/Documents/NESV/NESV/workspace/IDE.log'.
03:36:08 INFO  : Launching XSCT server: xsct.bat -n  -interactive C:\Users\Mark\Documents\NESV\NESV\workspace\temp_xsdb_launch_script.tcl
03:36:10 INFO  : XSCT server has started successfully.
03:36:10 INFO  : plnx-install-location is set to ''
03:36:10 INFO  : Successfully done setting XSCT server connection channel  
03:36:10 INFO  : Successfully done setting workspace for the tool. 
03:36:11 INFO  : Platform repository initialization has completed.
03:36:11 INFO  : Successfully done query RDI_DATADIR 
03:36:11 INFO  : Registering command handlers for Vitis TCF services
03:36:25 INFO  : Checking for BSP changes to sync application flags for project 'nesv'...
03:36:51 INFO  : Connected to target on host '127.0.0.1' and port '3121'.
03:36:51 INFO  : Jtag cable 'RealDigital Boo 88710000000EA' is selected.
03:36:51 INFO  : 'jtag frequency' command is executed.
03:36:51 INFO  : 'targets -set -filter {jtag_cable_name =~ "RealDigital Boo 88710000000EA" && level==0 && jtag_device_ctx=="jsn1-0362f093-0"}' command is executed.
03:36:53 INFO  : Device configured successfully with "C:/Users/Mark/Documents/NESV/NESV/workspace/nesv/_ide/bitstream/nes.bit"
03:36:53 INFO  : Context for processor 'microblaze_0' is selected.
03:36:53 INFO  : Hardware design and registers information is loaded from 'C:/Users/Mark/Documents/NESV/NESV/workspace/nes/export/nes/hw/nes.xsa'.
03:36:53 INFO  : 'configparams mdm-detect-bscan-mask 2' command is executed.
03:36:53 INFO  : Context for processor 'microblaze_0' is selected.
03:36:53 INFO  : System reset is completed.
03:36:56 INFO  : 'after 3000' command is executed.
03:36:56 INFO  : Context for processor 'microblaze_0' is selected.
03:36:56 INFO  : The application 'C:/Users/Mark/Documents/NESV/NESV/workspace/nesv/Debug/nesv.elf' is downloaded to processor 'microblaze_0'.
03:36:56 INFO  : ----------------XSDB Script----------------
connect -url tcp:127.0.0.1:3121
targets -set -filter {jtag_cable_name =~ "RealDigital Boo 88710000000EA" && level==0 && jtag_device_ctx=="jsn1-0362f093-0"}
fpga -file C:/Users/Mark/Documents/NESV/NESV/workspace/nesv/_ide/bitstream/nes.bit
targets -set -nocase -filter {name =~ "*microblaze*#0" && bscan=="USER2" }
loadhw -hw C:/Users/Mark/Documents/NESV/NESV/workspace/nes/export/nes/hw/nes.xsa -regs
configparams mdm-detect-bscan-mask 2
targets -set -nocase -filter {name =~ "*microblaze*#0" && bscan=="USER2" }
rst -system
after 3000
targets -set -nocase -filter {name =~ "*microblaze*#0" && bscan=="USER2" }
dow C:/Users/Mark/Documents/NESV/NESV/workspace/nesv/Debug/nesv.elf
----------------End of Script----------------

03:36:56 INFO  : Context for processor 'microblaze_0' is selected.
03:36:56 INFO  : 'con' command is executed.
03:36:56 INFO  : ----------------XSDB Script (After Launch)----------------
targets -set -nocase -filter {name =~ "*microblaze*#0" && bscan=="USER2" }
con
----------------End of Script----------------

03:36:56 INFO  : Disconnected from the channel tcfchan#1.
03:37:37 INFO  : Connected to target on host '127.0.0.1' and port '3121'.
03:37:37 INFO  : Jtag cable 'RealDigital Boo 88710000000EA' is selected.
03:37:37 INFO  : 'jtag frequency' command is executed.
03:37:37 INFO  : 'targets -set -filter {jtag_cable_name =~ "RealDigital Boo 88710000000EA" && level==0 && jtag_device_ctx=="jsn1-0362f093-0"}' command is executed.
03:37:39 INFO  : Device configured successfully with "C:/Users/Mark/Documents/NESV/NESV/workspace/nesv/_ide/bitstream/nes.bit"
03:37:39 INFO  : Context for processor 'microblaze_0' is selected.
03:37:39 INFO  : Hardware design and registers information is loaded from 'C:/Users/Mark/Documents/NESV/NESV/workspace/nes/export/nes/hw/nes.xsa'.
03:37:39 INFO  : 'configparams mdm-detect-bscan-mask 2' command is executed.
03:37:39 INFO  : Context for processor 'microblaze_0' is selected.
03:37:39 INFO  : System reset is completed.
03:37:42 INFO  : 'after 3000' command is executed.
03:37:42 INFO  : Context for processor 'microblaze_0' is selected.
03:37:42 INFO  : The application 'C:/Users/Mark/Documents/NESV/NESV/workspace/nesv/Debug/nesv.elf' is downloaded to processor 'microblaze_0'.
03:37:42 INFO  : ----------------XSDB Script----------------
connect -url tcp:127.0.0.1:3121
targets -set -filter {jtag_cable_name =~ "RealDigital Boo 88710000000EA" && level==0 && jtag_device_ctx=="jsn1-0362f093-0"}
fpga -file C:/Users/Mark/Documents/NESV/NESV/workspace/nesv/_ide/bitstream/nes.bit
targets -set -nocase -filter {name =~ "*microblaze*#0" && bscan=="USER2" }
loadhw -hw C:/Users/Mark/Documents/NESV/NESV/workspace/nes/export/nes/hw/nes.xsa -regs
configparams mdm-detect-bscan-mask 2
targets -set -nocase -filter {name =~ "*microblaze*#0" && bscan=="USER2" }
rst -system
after 3000
targets -set -nocase -filter {name =~ "*microblaze*#0" && bscan=="USER2" }
dow C:/Users/Mark/Documents/NESV/NESV/workspace/nesv/Debug/nesv.elf
----------------End of Script----------------

03:37:42 INFO  : Context for processor 'microblaze_0' is selected.
03:37:42 INFO  : 'con' command is executed.
03:37:42 INFO  : ----------------XSDB Script (After Launch)----------------
targets -set -nocase -filter {name =~ "*microblaze*#0" && bscan=="USER2" }
con
----------------End of Script----------------

03:37:42 INFO  : Disconnected from the channel tcfchan#2.
03:51:45 DEBUG : Logs will be stored at 'C:/Users/Mark/Documents/NESV/NESV/workspace/IDE.log'.
03:51:46 INFO  : Launching XSCT server: xsct.bat -n  -interactive C:\Users\Mark\Documents\NESV\NESV\workspace\temp_xsdb_launch_script.tcl
03:51:48 INFO  : XSCT server has started successfully.
03:51:48 INFO  : Successfully done setting XSCT server connection channel  
03:51:48 INFO  : plnx-install-location is set to ''
03:51:48 INFO  : Successfully done setting workspace for the tool. 
03:51:49 INFO  : Platform repository initialization has completed.
03:51:49 INFO  : Registering command handlers for Vitis TCF services
03:51:49 INFO  : Successfully done query RDI_DATADIR 
03:52:01 INFO  : Hardware specification for platform project 'nes' is updated.
03:52:10 INFO  : Result from executing command 'getProjects': nes
03:52:10 INFO  : Result from executing command 'getPlatforms': nes|C:/Users/Mark/Documents/NESV/NESV/workspace/nes/export/nes/nes.xpfm
03:52:10 INFO  : Checking for BSP changes to sync application flags for project 'nesv'...
03:52:13 INFO  : The hardware specification used by project 'nesv' is out of sync with the platform. Resource files extracted from the hardware specification will be updated.
03:52:13 INFO  : The file 'C:\Users\Mark\Documents\NESV\NESV\workspace\nesv\_ide\bitstream\nes.bit' stored in project is removed.
03:52:13 INFO  : The file 'C:\Users\Mark\Documents\NESV\NESV\workspace\nesv\_ide\bitstream\nes.mmi' stored in project is removed.
03:52:13 INFO  : The updated bitstream files are copied from platform to folder 'C:\Users\Mark\Documents\NESV\NESV\workspace\nesv\_ide\bitstream' in project 'nesv'.
03:52:21 INFO  : Connected to target on host '127.0.0.1' and port '3121'.
03:52:21 INFO  : Jtag cable 'RealDigital Boo 88710000000EA' is selected.
03:52:21 INFO  : 'jtag frequency' command is executed.
03:52:21 INFO  : 'targets -set -filter {jtag_cable_name =~ "RealDigital Boo 88710000000EA" && level==0 && jtag_device_ctx=="jsn1-0362f093-0"}' command is executed.
03:52:22 INFO  : Device configured successfully with "C:/Users/Mark/Documents/NESV/NESV/workspace/nesv/_ide/bitstream/nes.bit"
03:52:22 INFO  : Context for processor 'microblaze_0' is selected.
03:52:22 INFO  : Hardware design and registers information is loaded from 'C:/Users/Mark/Documents/NESV/NESV/workspace/nes/export/nes/hw/nes.xsa'.
03:52:22 INFO  : 'configparams mdm-detect-bscan-mask 2' command is executed.
03:52:22 INFO  : Context for processor 'microblaze_0' is selected.
03:52:22 INFO  : System reset is completed.
03:52:25 INFO  : 'after 3000' command is executed.
03:52:25 INFO  : Context for processor 'microblaze_0' is selected.
03:52:26 INFO  : The application 'C:/Users/Mark/Documents/NESV/NESV/workspace/nesv/Debug/nesv.elf' is downloaded to processor 'microblaze_0'.
03:52:26 INFO  : ----------------XSDB Script----------------
connect -url tcp:127.0.0.1:3121
targets -set -filter {jtag_cable_name =~ "RealDigital Boo 88710000000EA" && level==0 && jtag_device_ctx=="jsn1-0362f093-0"}
fpga -file C:/Users/Mark/Documents/NESV/NESV/workspace/nesv/_ide/bitstream/nes.bit
targets -set -nocase -filter {name =~ "*microblaze*#0" && bscan=="USER2" }
loadhw -hw C:/Users/Mark/Documents/NESV/NESV/workspace/nes/export/nes/hw/nes.xsa -regs
configparams mdm-detect-bscan-mask 2
targets -set -nocase -filter {name =~ "*microblaze*#0" && bscan=="USER2" }
rst -system
after 3000
targets -set -nocase -filter {name =~ "*microblaze*#0" && bscan=="USER2" }
dow C:/Users/Mark/Documents/NESV/NESV/workspace/nesv/Debug/nesv.elf
----------------End of Script----------------

03:52:26 INFO  : Context for processor 'microblaze_0' is selected.
03:52:26 INFO  : 'con' command is executed.
03:52:26 INFO  : ----------------XSDB Script (After Launch)----------------
targets -set -nocase -filter {name =~ "*microblaze*#0" && bscan=="USER2" }
con
----------------End of Script----------------

03:52:26 INFO  : Disconnected from the channel tcfchan#2.
21:35:17 DEBUG : Logs will be stored at '/home/drew/ece385/NESV/workspace/IDE.log'.
21:35:18 INFO  : Launching XSCT server: xsct -n  -interactive /home/drew/ece385/NESV/workspace/temp_xsdb_launch_script.tcl
21:35:19 INFO  : XSCT server has started successfully.
21:35:19 INFO  : plnx-install-location is set to ''
21:35:19 INFO  : Successfully done setting XSCT server connection channel  
21:35:19 INFO  : Successfully done setting workspace for the tool. 
21:35:19 ERROR : Error encountered while initializing user repository paths
Reason: No Platforms Found.


21:35:19 INFO  : Platform repository initialization has completed.
21:35:19 INFO  : Successfully done query RDI_DATADIR 
21:35:19 INFO  : Registering command handlers for Vitis TCF services
21:36:21 INFO  : Hardware specification for platform project 'nes' is updated.
21:37:41 INFO  : Result from executing command 'getProjects': nes
21:37:41 INFO  : Result from executing command 'getPlatforms': 
21:37:44 INFO  : Checking for BSP changes to sync application flags for project 'nesv'...
21:37:44 INFO  : Updating application flags with new BSP settings...
21:37:44 INFO  : Successfully updated application flags for project nesv.
21:44:20 INFO  : Connected to target on host '127.0.0.1' and port '3121'.
21:44:20 INFO  : Jtag cable 'RealDigital Boo 887100000000A' is selected.
21:44:20 INFO  : 'jtag frequency' command is executed.
21:44:20 INFO  : 'targets -set -filter {jtag_cable_name =~ "RealDigital Boo 887100000000A" && level==0 && jtag_device_ctx=="jsn1-0362f093-0"}' command is executed.
21:44:21 INFO  : Device configured successfully with "/home/drew/ece385/NESV/workspace/nesv/_ide/bitstream/nes.bit"
21:44:22 INFO  : Context for processor 'microblaze_0' is selected.
21:44:22 INFO  : Hardware design and registers information is loaded from '/home/drew/ece385/NESV/workspace/nes/export/nes/hw/nes.xsa'.
21:44:22 INFO  : 'configparams mdm-detect-bscan-mask 2' command is executed.
21:44:22 INFO  : Context for processor 'microblaze_0' is selected.
21:44:22 INFO  : System reset is completed.
21:44:25 INFO  : 'after 3000' command is executed.
21:44:25 INFO  : Context for processor 'microblaze_0' is selected.
21:44:25 INFO  : The application '/home/drew/ece385/NESV/workspace/nesv/Debug/nesv.elf' is downloaded to processor 'microblaze_0'.
21:44:25 INFO  : ----------------XSDB Script----------------
connect -url tcp:127.0.0.1:3121
targets -set -filter {jtag_cable_name =~ "RealDigital Boo 887100000000A" && level==0 && jtag_device_ctx=="jsn1-0362f093-0"}
fpga -file /home/drew/ece385/NESV/workspace/nesv/_ide/bitstream/nes.bit
targets -set -nocase -filter {name =~ "*microblaze*#0" && bscan=="USER2" }
loadhw -hw /home/drew/ece385/NESV/workspace/nes/export/nes/hw/nes.xsa -regs
configparams mdm-detect-bscan-mask 2
targets -set -nocase -filter {name =~ "*microblaze*#0" && bscan=="USER2" }
rst -system
after 3000
targets -set -nocase -filter {name =~ "*microblaze*#0" && bscan=="USER2" }
dow /home/drew/ece385/NESV/workspace/nesv/Debug/nesv.elf
----------------End of Script----------------

21:44:25 INFO  : Context for processor 'microblaze_0' is selected.
21:44:25 INFO  : 'con' command is executed.
21:44:25 INFO  : ----------------XSDB Script (After Launch)----------------
targets -set -nocase -filter {name =~ "*microblaze*#0" && bscan=="USER2" }
con
----------------End of Script----------------

21:44:25 INFO  : Disconnected from the channel tcfchan#2.
21:44:33 INFO  : Hardware specification for platform project 'nes' is updated.
21:44:43 INFO  : Hardware specification for platform project 'nes' is updated.
21:44:58 INFO  : Result from executing command 'getProjects': nes
21:44:58 INFO  : Result from executing command 'getPlatforms': nes|/home/drew/ece385/NESV/workspace/nes/export/nes/nes.xpfm
21:45:11 INFO  : Connected to target on host '127.0.0.1' and port '3121'.
21:45:12 INFO  : Jtag cable 'RealDigital Boo 887100000000A' is selected.
21:45:12 INFO  : 'jtag frequency' command is executed.
21:45:12 INFO  : 'targets -set -filter {jtag_cable_name =~ "RealDigital Boo 887100000000A" && level==0 && jtag_device_ctx=="jsn1-0362f093-0"}' command is executed.
21:45:13 INFO  : Device configured successfully with "/home/drew/ece385/NESV/workspace/nesv/_ide/bitstream/nes.bit"
21:45:13 INFO  : Context for processor 'microblaze_0' is selected.
21:45:13 INFO  : Hardware design and registers information is loaded from '/home/drew/ece385/NESV/workspace/nes/export/nes/hw/nes.xsa'.
21:45:13 INFO  : 'configparams mdm-detect-bscan-mask 2' command is executed.
21:45:13 INFO  : Context for processor 'microblaze_0' is selected.
21:45:13 INFO  : System reset is completed.
21:45:16 INFO  : 'after 3000' command is executed.
21:45:16 INFO  : Context for processor 'microblaze_0' is selected.
21:45:16 INFO  : The application '/home/drew/ece385/NESV/workspace/nesv/Debug/nesv.elf' is downloaded to processor 'microblaze_0'.
21:45:16 INFO  : ----------------XSDB Script----------------
connect -url tcp:127.0.0.1:3121
targets -set -filter {jtag_cable_name =~ "RealDigital Boo 887100000000A" && level==0 && jtag_device_ctx=="jsn1-0362f093-0"}
fpga -file /home/drew/ece385/NESV/workspace/nesv/_ide/bitstream/nes.bit
targets -set -nocase -filter {name =~ "*microblaze*#0" && bscan=="USER2" }
loadhw -hw /home/drew/ece385/NESV/workspace/nes/export/nes/hw/nes.xsa -regs
configparams mdm-detect-bscan-mask 2
targets -set -nocase -filter {name =~ "*microblaze*#0" && bscan=="USER2" }
rst -system
after 3000
targets -set -nocase -filter {name =~ "*microblaze*#0" && bscan=="USER2" }
dow /home/drew/ece385/NESV/workspace/nesv/Debug/nesv.elf
----------------End of Script----------------

21:45:16 INFO  : Context for processor 'microblaze_0' is selected.
21:45:16 INFO  : 'con' command is executed.
21:45:16 INFO  : ----------------XSDB Script (After Launch)----------------
targets -set -nocase -filter {name =~ "*microblaze*#0" && bscan=="USER2" }
con
----------------End of Script----------------

21:45:16 INFO  : Disconnected from the channel tcfchan#4.
21:53:37 ERROR : Error encountered while removing '/home/drew/ece385/NESV/workspace/nes/export/nes' from custom repository paths
Reason: No Platforms Found.


21:53:37 INFO  : Result from executing command 'removePlatformRepo': 
21:53:41 INFO  : Hardware specification for platform project 'nes' is updated.
21:53:45 ERROR : Invalid hardware specification '${sdxTcfLaunchFile:project=nesv;fileType=hw;}' in launch configuration 'Debugger_nesv-GDB'.
21:53:58 ERROR : Hardware specification file is not configured properly in the launch configuration 'Debugger_nesv-Default'. 
Make sure that the application 'nesv' is built properly for configuration 'Debug' before launching.
21:54:06 INFO  : Result from executing command 'getProjects': nes
21:54:06 INFO  : Result from executing command 'getPlatforms': 
21:54:09 INFO  : Checking for BSP changes to sync application flags for project 'nesv'...
21:54:15 INFO  : The hardware specification used by project 'nesv' is out of sync with the platform. Resource files extracted from the hardware specification will be updated.
21:54:15 INFO  : The file '/home/drew/ece385/NESV/workspace/nesv/_ide/bitstream/nes.bit' stored in project is removed.
21:54:15 INFO  : The file '/home/drew/ece385/NESV/workspace/nesv/_ide/bitstream/nes.mmi' stored in project is removed.
21:54:15 INFO  : The updated bitstream files are copied from platform to folder '/home/drew/ece385/NESV/workspace/nesv/_ide/bitstream' in project 'nesv'.
21:54:15 INFO  : Connected to target on host '127.0.0.1' and port '3121'.
21:54:15 INFO  : Jtag cable 'RealDigital Boo 887100000000A' is selected.
21:54:15 INFO  : 'jtag frequency' command is executed.
21:54:15 INFO  : 'targets -set -filter {jtag_cable_name =~ "RealDigital Boo 887100000000A" && level==0 && jtag_device_ctx=="jsn1-0362f093-0"}' command is executed.
21:54:16 INFO  : Device configured successfully with "/home/drew/ece385/NESV/workspace/nesv/_ide/bitstream/nes.bit"
21:54:16 INFO  : Context for processor 'microblaze_0' is selected.
21:54:16 INFO  : Hardware design and registers information is loaded from '/home/drew/ece385/NESV/workspace/nes/export/nes/hw/nes.xsa'.
21:54:16 INFO  : 'configparams mdm-detect-bscan-mask 2' command is executed.
21:54:16 INFO  : ----------------XSDB Script----------------
connect -url tcp:127.0.0.1:3121
targets -set -filter {jtag_cable_name =~ "RealDigital Boo 887100000000A" && level==0 && jtag_device_ctx=="jsn1-0362f093-0"}
fpga -file /home/drew/ece385/NESV/workspace/nesv/_ide/bitstream/nes.bit
targets -set -nocase -filter {name =~ "*microblaze*#0" && bscan=="USER2" }
loadhw -hw /home/drew/ece385/NESV/workspace/nes/export/nes/hw/nes.xsa -regs
configparams mdm-detect-bscan-mask 2
----------------End of Script----------------

21:54:16 INFO  : Launch script is exported to file '/home/drew/ece385/NESV/workspace/nesv_system/_ide/scripts/debugger_nesv-default.tcl'
21:58:58 INFO  : Disconnected from the channel tcfchan#7.
21:58:59 INFO  : Connected to target on host '127.0.0.1' and port '3121'.
21:58:59 INFO  : Jtag cable 'RealDigital Boo 887100000000A' is selected.
21:58:59 INFO  : 'jtag frequency' command is executed.
21:58:59 INFO  : 'targets -set -filter {jtag_cable_name =~ "RealDigital Boo 887100000000A" && level==0 && jtag_device_ctx=="jsn1-0362f093-0"}' command is executed.
21:59:00 INFO  : Device configured successfully with "/home/drew/ece385/NESV/workspace/nesv/_ide/bitstream/nes.bit"
21:59:00 INFO  : Context for processor 'microblaze_0' is selected.
21:59:00 INFO  : Hardware design and registers information is loaded from '/home/drew/ece385/NESV/workspace/nes/export/nes/hw/nes.xsa'.
21:59:00 INFO  : 'configparams mdm-detect-bscan-mask 2' command is executed.
21:59:00 INFO  : ----------------XSDB Script----------------
connect -url tcp:127.0.0.1:3121
targets -set -filter {jtag_cable_name =~ "RealDigital Boo 887100000000A" && level==0 && jtag_device_ctx=="jsn1-0362f093-0"}
fpga -file /home/drew/ece385/NESV/workspace/nesv/_ide/bitstream/nes.bit
targets -set -nocase -filter {name =~ "*microblaze*#0" && bscan=="USER2" }
loadhw -hw /home/drew/ece385/NESV/workspace/nes/export/nes/hw/nes.xsa -regs
configparams mdm-detect-bscan-mask 2
----------------End of Script----------------

21:59:01 INFO  : Launch script is exported to file '/home/drew/ece385/NESV/workspace/nesv_system/_ide/scripts/debugger_nesv-default.tcl'
21:59:26 INFO  : Disconnected from the channel tcfchan#8.
21:59:27 INFO  : Connected to target on host '127.0.0.1' and port '3121'.
21:59:27 INFO  : Jtag cable 'RealDigital Boo 887100000000A' is selected.
21:59:27 INFO  : 'jtag frequency' command is executed.
21:59:27 INFO  : 'targets -set -filter {jtag_cable_name =~ "RealDigital Boo 887100000000A" && level==0 && jtag_device_ctx=="jsn1-0362f093-0"}' command is executed.
21:59:28 INFO  : Device configured successfully with "/home/drew/ece385/NESV/workspace/nesv/_ide/bitstream/nes.bit"
21:59:28 INFO  : Context for processor 'microblaze_0' is selected.
21:59:28 INFO  : Hardware design and registers information is loaded from '/home/drew/ece385/NESV/workspace/nes/export/nes/hw/nes.xsa'.
21:59:28 INFO  : 'configparams mdm-detect-bscan-mask 2' command is executed.
21:59:28 INFO  : ----------------XSDB Script----------------
connect -url tcp:127.0.0.1:3121
targets -set -filter {jtag_cable_name =~ "RealDigital Boo 887100000000A" && level==0 && jtag_device_ctx=="jsn1-0362f093-0"}
fpga -file /home/drew/ece385/NESV/workspace/nesv/_ide/bitstream/nes.bit
targets -set -nocase -filter {name =~ "*microblaze*#0" && bscan=="USER2" }
loadhw -hw /home/drew/ece385/NESV/workspace/nes/export/nes/hw/nes.xsa -regs
configparams mdm-detect-bscan-mask 2
----------------End of Script----------------

21:59:28 INFO  : Launch script is exported to file '/home/drew/ece385/NESV/workspace/nesv_system/_ide/scripts/debugger_nesv-default.tcl'
21:59:59 INFO  : Disconnected from the channel tcfchan#9.
22:00:14 DEBUG : Logs will be stored at '/home/drew/ece385/NESV/workspace/IDE.log'.
22:00:14 INFO  : Launching XSCT server: xsct -n  -interactive /home/drew/ece385/NESV/workspace/temp_xsdb_launch_script.tcl
22:00:15 INFO  : Platform repository initialization has completed.
22:00:15 INFO  : XSCT server has started successfully.
22:00:15 INFO  : Successfully done setting XSCT server connection channel  
22:00:15 INFO  : plnx-install-location is set to ''
22:00:15 INFO  : Successfully done setting workspace for the tool. 
22:00:15 INFO  : Successfully done query RDI_DATADIR 
22:00:16 INFO  : Registering command handlers for Vitis TCF services
22:01:14 DEBUG : Logs will be stored at '/home/drew/ece385/NESV/workspace/IDE.log'.
22:01:15 INFO  : Launching XSCT server: xsct -n  -interactive /home/drew/ece385/NESV/workspace/temp_xsdb_launch_script.tcl
22:01:16 INFO  : XSCT server has started successfully.
22:01:16 INFO  : Successfully done setting XSCT server connection channel  
22:01:16 INFO  : plnx-install-location is set to ''
22:01:16 INFO  : Successfully done setting workspace for the tool. 
22:01:16 INFO  : Platform repository initialization has completed.
22:01:16 INFO  : Successfully done query RDI_DATADIR 
22:01:16 INFO  : Registering command handlers for Vitis TCF services
22:01:18 INFO  : Connected to target on host '127.0.0.1' and port '3121'.
22:01:18 INFO  : Jtag cable 'RealDigital Boo 887100000000A' is selected.
22:01:18 INFO  : 'jtag frequency' command is executed.
22:01:18 INFO  : 'targets -set -filter {jtag_cable_name =~ "RealDigital Boo 887100000000A" && level==0 && jtag_device_ctx=="jsn1-0362f093-0"}' command is executed.
22:01:19 INFO  : Device configured successfully with "/home/drew/ece385/NESV/workspace/nesv/_ide/bitstream/nes.bit"
22:01:19 INFO  : Context for processor 'microblaze_0' is selected.
22:01:19 INFO  : Hardware design and registers information is loaded from '/home/drew/ece385/NESV/workspace/nes/export/nes/hw/nes.xsa'.
22:01:19 INFO  : 'configparams mdm-detect-bscan-mask 2' command is executed.
22:01:19 INFO  : ----------------XSDB Script----------------
connect -url tcp:127.0.0.1:3121
targets -set -filter {jtag_cable_name =~ "RealDigital Boo 887100000000A" && level==0 && jtag_device_ctx=="jsn1-0362f093-0"}
fpga -file /home/drew/ece385/NESV/workspace/nesv/_ide/bitstream/nes.bit
targets -set -nocase -filter {name =~ "*microblaze*#0" && bscan=="USER2" }
loadhw -hw /home/drew/ece385/NESV/workspace/nes/export/nes/hw/nes.xsa -regs
configparams mdm-detect-bscan-mask 2
----------------End of Script----------------

22:01:19 INFO  : Launch script is exported to file '/home/drew/ece385/NESV/workspace/nesv_system/_ide/scripts/debugger_nesv-default.tcl'
22:01:32 INFO  : Disconnected from the channel tcfchan#1.
22:01:33 INFO  : Connected to target on host '127.0.0.1' and port '3121'.
22:01:33 INFO  : Jtag cable 'RealDigital Boo 887100000000A' is selected.
22:01:33 INFO  : 'jtag frequency' command is executed.
22:01:33 INFO  : 'targets -set -filter {jtag_cable_name =~ "RealDigital Boo 887100000000A" && level==0 && jtag_device_ctx=="jsn1-0362f093-0"}' command is executed.
22:01:34 INFO  : Device configured successfully with "/home/drew/ece385/NESV/workspace/nesv/_ide/bitstream/nes.bit"
22:01:34 INFO  : Context for processor 'microblaze_0' is selected.
22:01:35 INFO  : Hardware design and registers information is loaded from '/home/drew/ece385/NESV/workspace/nes/export/nes/hw/nes.xsa'.
22:01:35 INFO  : 'configparams mdm-detect-bscan-mask 2' command is executed.
22:01:35 INFO  : ----------------XSDB Script----------------
connect -url tcp:127.0.0.1:3121
targets -set -filter {jtag_cable_name =~ "RealDigital Boo 887100000000A" && level==0 && jtag_device_ctx=="jsn1-0362f093-0"}
fpga -file /home/drew/ece385/NESV/workspace/nesv/_ide/bitstream/nes.bit
targets -set -nocase -filter {name =~ "*microblaze*#0" && bscan=="USER2" }
loadhw -hw /home/drew/ece385/NESV/workspace/nes/export/nes/hw/nes.xsa -regs
configparams mdm-detect-bscan-mask 2
----------------End of Script----------------

22:01:35 INFO  : Launch script is exported to file '/home/drew/ece385/NESV/workspace/nesv_system/_ide/scripts/debugger_nesv-default.tcl'
22:02:44 INFO  : Disconnected from the channel tcfchan#2.
22:02:45 INFO  : Connected to target on host '127.0.0.1' and port '3121'.
22:02:45 INFO  : Jtag cable 'RealDigital Boo 887100000000A' is selected.
22:02:45 INFO  : 'jtag frequency' command is executed.
22:02:45 INFO  : 'targets -set -filter {jtag_cable_name =~ "RealDigital Boo 887100000000A" && level==0 && jtag_device_ctx=="jsn1-0362f093-0"}' command is executed.
22:02:46 INFO  : Device configured successfully with "/home/drew/ece385/NESV/workspace/nesv/_ide/bitstream/nes.bit"
22:02:46 INFO  : Context for processor 'microblaze_0' is selected.
22:02:47 INFO  : Hardware design and registers information is loaded from '/home/drew/ece385/NESV/workspace/nes/export/nes/hw/nes.xsa'.
22:02:47 INFO  : 'configparams mdm-detect-bscan-mask 2' command is executed.
22:02:47 INFO  : ----------------XSDB Script----------------
connect -url tcp:127.0.0.1:3121
targets -set -filter {jtag_cable_name =~ "RealDigital Boo 887100000000A" && level==0 && jtag_device_ctx=="jsn1-0362f093-0"}
fpga -file /home/drew/ece385/NESV/workspace/nesv/_ide/bitstream/nes.bit
targets -set -nocase -filter {name =~ "*microblaze*#0" && bscan=="USER2" }
loadhw -hw /home/drew/ece385/NESV/workspace/nes/export/nes/hw/nes.xsa -regs
configparams mdm-detect-bscan-mask 2
----------------End of Script----------------

22:02:47 INFO  : Launch script is exported to file '/home/drew/ece385/NESV/workspace/nesv_system/_ide/scripts/debugger_nesv-default.tcl'
22:03:32 INFO  : Disconnected from the channel tcfchan#3.
22:03:33 INFO  : Connected to target on host '127.0.0.1' and port '3121'.
22:03:33 INFO  : Jtag cable 'RealDigital Boo 887100000000A' is selected.
22:03:33 INFO  : 'jtag frequency' command is executed.
22:03:33 INFO  : 'targets -set -filter {jtag_cable_name =~ "RealDigital Boo 887100000000A" && level==0 && jtag_device_ctx=="jsn1-0362f093-0"}' command is executed.
22:03:34 INFO  : Device configured successfully with "/home/drew/ece385/NESV/workspace/nesv/_ide/bitstream/nes.bit"
22:03:34 INFO  : Context for processor 'microblaze_0' is selected.
22:03:35 INFO  : Hardware design and registers information is loaded from '/home/drew/ece385/NESV/workspace/nes/export/nes/hw/nes.xsa'.
22:03:35 INFO  : 'configparams mdm-detect-bscan-mask 2' command is executed.
22:03:35 INFO  : ----------------XSDB Script----------------
connect -url tcp:127.0.0.1:3121
targets -set -filter {jtag_cable_name =~ "RealDigital Boo 887100000000A" && level==0 && jtag_device_ctx=="jsn1-0362f093-0"}
fpga -file /home/drew/ece385/NESV/workspace/nesv/_ide/bitstream/nes.bit
targets -set -nocase -filter {name =~ "*microblaze*#0" && bscan=="USER2" }
loadhw -hw /home/drew/ece385/NESV/workspace/nes/export/nes/hw/nes.xsa -regs
configparams mdm-detect-bscan-mask 2
----------------End of Script----------------

22:03:35 INFO  : Launch script is exported to file '/home/drew/ece385/NESV/workspace/nesv_system/_ide/scripts/debugger_nesv-default.tcl'
22:26:23 INFO  : Disconnected from the channel tcfchan#4.
22:27:29 DEBUG : Logs will be stored at '/home/drew/ece385/NESV/workspace/IDE.log'.
22:27:30 INFO  : Launching XSCT server: xsct -n  -interactive /home/drew/ece385/NESV/workspace/temp_xsdb_launch_script.tcl
22:27:31 INFO  : XSCT server has started successfully.
22:27:31 INFO  : Successfully done setting XSCT server connection channel  
22:27:31 INFO  : plnx-install-location is set to ''
22:27:31 INFO  : Successfully done setting workspace for the tool. 
22:27:31 INFO  : Platform repository initialization has completed.
22:27:31 INFO  : Successfully done query RDI_DATADIR 
22:27:31 INFO  : Registering command handlers for Vitis TCF services
22:27:34 INFO  : Connected to target on host '127.0.0.1' and port '3121'.
22:27:35 INFO  : Jtag cable 'RealDigital Boo 887100000000A' is selected.
22:27:35 INFO  : 'jtag frequency' command is executed.
22:27:35 INFO  : 'targets -set -filter {jtag_cable_name =~ "RealDigital Boo 887100000000A" && level==0 && jtag_device_ctx=="jsn1-0362f093-0"}' command is executed.
22:27:36 INFO  : Device configured successfully with "/home/drew/ece385/NESV/workspace/nesv/_ide/bitstream/nes.bit"
22:27:36 INFO  : Context for processor 'microblaze_0' is selected.
22:27:36 INFO  : Hardware design and registers information is loaded from '/home/drew/ece385/NESV/workspace/nes/export/nes/hw/nes.xsa'.
22:27:36 INFO  : 'configparams mdm-detect-bscan-mask 2' command is executed.
22:27:36 INFO  : ----------------XSDB Script----------------
connect -url tcp:127.0.0.1:3121
targets -set -filter {jtag_cable_name =~ "RealDigital Boo 887100000000A" && level==0 && jtag_device_ctx=="jsn1-0362f093-0"}
fpga -file /home/drew/ece385/NESV/workspace/nesv/_ide/bitstream/nes.bit
targets -set -nocase -filter {name =~ "*microblaze*#0" && bscan=="USER2" }
loadhw -hw /home/drew/ece385/NESV/workspace/nes/export/nes/hw/nes.xsa -regs
configparams mdm-detect-bscan-mask 2
----------------End of Script----------------

22:27:36 INFO  : Launch script is exported to file '/home/drew/ece385/NESV/workspace/nesv_system/_ide/scripts/debugger_nesv-default.tcl'
22:28:16 ERROR : Error encountered while removing '/home/drew/ece385/NESV/workspace/nes/export/nes' from custom repository paths
Reason: No Platforms Found.


22:28:16 INFO  : Result from executing command 'removePlatformRepo': 
22:28:46 ERROR : Error from executing command 'removePlatformRepo': ERROR: No valid directory exists at given path.
22:28:57 INFO  : Result from executing command 'getProjects': nes
22:28:57 INFO  : Result from executing command 'getPlatforms': 
22:29:00 INFO  : Checking for BSP changes to sync application flags for project 'nesv'...
22:29:23 INFO  : Checking for BSP changes to sync application flags for project 'nesv'...
22:30:06 INFO  : Checking for BSP changes to sync application flags for project 'nesv'...
22:30:11 INFO  : Checking for BSP changes to sync application flags for project 'nesv'...
22:30:13 INFO  : Checking for BSP changes to sync application flags for project 'nesv'...
22:30:17 INFO  : Checking for BSP changes to sync application flags for project 'nesv'...
22:30:24 INFO  : Disconnected from the channel tcfchan#1.
22:30:25 INFO  : Connected to target on host '127.0.0.1' and port '3121'.
22:30:28 INFO  : Connected to target on host '127.0.0.1' and port '3121'.
22:30:28 INFO  : Jtag cable 'RealDigital Boo 887100000000A' is selected.
22:30:28 INFO  : 'jtag frequency' command is executed.
22:30:28 INFO  : 'targets -set -filter {jtag_cable_name =~ "RealDigital Boo 887100000000A" && level==0 && jtag_device_ctx=="jsn1-0362f093-0"}' command is executed.
22:30:30 INFO  : Device configured successfully with "/home/drew/ece385/NESV/workspace/nesv/_ide/bitstream/nes.bit"
22:30:30 INFO  : Context for processor 'microblaze_0' is selected.
22:30:30 INFO  : Hardware design and registers information is loaded from '/home/drew/ece385/NESV/workspace/nes/export/nes/hw/nes.xsa'.
22:30:30 INFO  : 'configparams mdm-detect-bscan-mask 2' command is executed.
22:30:30 INFO  : ----------------XSDB Script----------------
connect -url tcp:127.0.0.1:3121
targets -set -filter {jtag_cable_name =~ "RealDigital Boo 887100000000A" && level==0 && jtag_device_ctx=="jsn1-0362f093-0"}
fpga -file /home/drew/ece385/NESV/workspace/nesv/_ide/bitstream/nes.bit
targets -set -nocase -filter {name =~ "*microblaze*#0" && bscan=="USER2" }
loadhw -hw /home/drew/ece385/NESV/workspace/nes/export/nes/hw/nes.xsa -regs
configparams mdm-detect-bscan-mask 2
----------------End of Script----------------

22:30:30 INFO  : Launch script is exported to file '/home/drew/ece385/NESV/workspace/nesv_system/_ide/scripts/debugger_nesv-default.tcl'
22:30:34 INFO  : ----------------XSDB Script----------------
connect -url tcp:127.0.0.1:3121
----------------End of Script----------------

22:30:34 ERROR : Could not find FPGA device on the board for connection 'Local'.


Troubleshooting hints:
1. Check whether board is connected to system properly.
2. In case of zynq board, check whether Digilent/Xilinx cable switch settings are correct.
3. If you are using Xilinx Platform Cable USB, ensure that status LED is green.
22:30:43 INFO  : Disconnected from the channel tcfchan#5.
22:30:44 INFO  : Connected to target on host '127.0.0.1' and port '3121'.
22:30:53 INFO  : ----------------XSDB Script----------------
connect -url tcp:127.0.0.1:3121
----------------End of Script----------------

22:30:53 ERROR : Could not find FPGA device on the board for connection 'Local'.


Troubleshooting hints:
1. Check whether board is connected to system properly.
2. In case of zynq board, check whether Digilent/Xilinx cable switch settings are correct.
3. If you are using Xilinx Platform Cable USB, ensure that status LED is green.
22:30:53 INFO  : Connected to target on host '127.0.0.1' and port '3121'.
22:30:53 INFO  : Jtag cable 'RealDigital Boo 887100000000A' is selected.
22:30:53 INFO  : 'jtag frequency' command is executed.
22:30:53 INFO  : 'targets -set -filter {jtag_cable_name =~ "RealDigital Boo 887100000000A" && level==0 && jtag_device_ctx=="jsn1-0362f093-0"}' command is executed.
22:30:54 INFO  : Device configured successfully with "/home/drew/ece385/NESV/workspace/nesv/_ide/bitstream/nes.bit"
22:30:54 INFO  : Context for processor 'microblaze_0' is selected.
22:30:54 INFO  : Hardware design and registers information is loaded from '/home/drew/ece385/NESV/workspace/nes/export/nes/hw/nes.xsa'.
22:30:54 INFO  : 'configparams mdm-detect-bscan-mask 2' command is executed.
22:30:54 INFO  : ----------------XSDB Script----------------
connect -url tcp:127.0.0.1:3121
targets -set -filter {jtag_cable_name =~ "RealDigital Boo 887100000000A" && level==0 && jtag_device_ctx=="jsn1-0362f093-0"}
fpga -file /home/drew/ece385/NESV/workspace/nesv/_ide/bitstream/nes.bit
targets -set -nocase -filter {name =~ "*microblaze*#0" && bscan=="USER2" }
loadhw -hw /home/drew/ece385/NESV/workspace/nes/export/nes/hw/nes.xsa -regs
configparams mdm-detect-bscan-mask 2
----------------End of Script----------------

22:30:54 INFO  : Launch script is exported to file '/home/drew/ece385/NESV/workspace/nesv_system/_ide/scripts/debugger_nesv-default.tcl'
22:31:08 INFO  : Disconnected from the channel tcfchan#6.
22:31:09 INFO  : Connected to target on host '127.0.0.1' and port '3121'.
22:31:09 INFO  : Jtag cable 'RealDigital Boo 887100000000A' is selected.
22:31:09 INFO  : 'jtag frequency' command is executed.
22:31:09 INFO  : 'targets -set -filter {jtag_cable_name =~ "RealDigital Boo 887100000000A" && level==0 && jtag_device_ctx=="jsn1-0362f093-0"}' command is executed.
22:31:10 INFO  : Device configured successfully with "/home/drew/ece385/NESV/workspace/nesv/_ide/bitstream/nes.bit"
22:31:10 INFO  : Context for processor 'microblaze_0' is selected.
22:31:10 INFO  : Hardware design and registers information is loaded from '/home/drew/ece385/NESV/workspace/nes/export/nes/hw/nes.xsa'.
22:31:10 INFO  : 'configparams mdm-detect-bscan-mask 2' command is executed.
22:31:10 INFO  : ----------------XSDB Script----------------
connect -url tcp:127.0.0.1:3121
targets -set -filter {jtag_cable_name =~ "RealDigital Boo 887100000000A" && level==0 && jtag_device_ctx=="jsn1-0362f093-0"}
fpga -file /home/drew/ece385/NESV/workspace/nesv/_ide/bitstream/nes.bit
targets -set -nocase -filter {name =~ "*microblaze*#0" && bscan=="USER2" }
loadhw -hw /home/drew/ece385/NESV/workspace/nes/export/nes/hw/nes.xsa -regs
configparams mdm-detect-bscan-mask 2
----------------End of Script----------------

22:31:10 INFO  : Launch script is exported to file '/home/drew/ece385/NESV/workspace/nesv_system/_ide/scripts/debugger_nesv-default.tcl'
22:41:19 INFO  : Disconnected from the channel tcfchan#7.
22:41:20 INFO  : Connected to target on host '127.0.0.1' and port '3121'.
22:41:29 INFO  : ----------------XSDB Script----------------
connect -url tcp:127.0.0.1:3121
----------------End of Script----------------

22:41:29 ERROR : Could not find FPGA device on the board for connection 'Local'.


Troubleshooting hints:
1. Check whether board is connected to system properly.
2. In case of zynq board, check whether Digilent/Xilinx cable switch settings are correct.
3. If you are using Xilinx Platform Cable USB, ensure that status LED is green.
22:41:30 INFO  : Connected to target on host '127.0.0.1' and port '3121'.
22:41:30 INFO  : Jtag cable 'RealDigital Boo 887100000000A' is selected.
22:41:30 INFO  : 'jtag frequency' command is executed.
22:41:30 INFO  : 'targets -set -filter {jtag_cable_name =~ "RealDigital Boo 887100000000A" && level==0 && jtag_device_ctx=="jsn1-0362f093-0"}' command is executed.
22:41:31 INFO  : Device configured successfully with "/home/drew/ece385/NESV/workspace/nesv/_ide/bitstream/nes.bit"
22:41:31 INFO  : Context for processor 'microblaze_0' is selected.
22:41:31 INFO  : Hardware design and registers information is loaded from '/home/drew/ece385/NESV/workspace/nes/export/nes/hw/nes.xsa'.
22:41:31 INFO  : 'configparams mdm-detect-bscan-mask 2' command is executed.
22:41:31 INFO  : ----------------XSDB Script----------------
connect -url tcp:127.0.0.1:3121
targets -set -filter {jtag_cable_name =~ "RealDigital Boo 887100000000A" && level==0 && jtag_device_ctx=="jsn1-0362f093-0"}
fpga -file /home/drew/ece385/NESV/workspace/nesv/_ide/bitstream/nes.bit
targets -set -nocase -filter {name =~ "*microblaze*#0" && bscan=="USER2" }
loadhw -hw /home/drew/ece385/NESV/workspace/nes/export/nes/hw/nes.xsa -regs
configparams mdm-detect-bscan-mask 2
----------------End of Script----------------

22:41:31 INFO  : Launch script is exported to file '/home/drew/ece385/NESV/workspace/nesv_system/_ide/scripts/debugger_nesv-default.tcl'
22:41:59 INFO  : Disconnected from the channel tcfchan#8.
22:42:00 INFO  : Connected to target on host '127.0.0.1' and port '3121'.
22:42:10 INFO  : ----------------XSDB Script----------------
connect -url tcp:127.0.0.1:3121
----------------End of Script----------------

22:42:10 INFO  : Connected to target on host '127.0.0.1' and port '3121'.
22:42:10 ERROR : Could not find FPGA device on the board for connection 'Local'.


Troubleshooting hints:
1. Check whether board is connected to system properly.
2. In case of zynq board, check whether Digilent/Xilinx cable switch settings are correct.
3. If you are using Xilinx Platform Cable USB, ensure that status LED is green.
22:42:10 INFO  : Jtag cable 'RealDigital Boo 887100000000A' is selected.
22:42:10 INFO  : 'jtag frequency' command is executed.
22:42:10 INFO  : 'targets -set -filter {jtag_cable_name =~ "RealDigital Boo 887100000000A" && level==0 && jtag_device_ctx=="jsn1-0362f093-0"}' command is executed.
22:42:11 INFO  : Device configured successfully with "/home/drew/ece385/NESV/workspace/nesv/_ide/bitstream/nes.bit"
22:42:11 INFO  : Context for processor 'microblaze_0' is selected.
22:42:11 INFO  : Hardware design and registers information is loaded from '/home/drew/ece385/NESV/workspace/nes/export/nes/hw/nes.xsa'.
22:42:11 INFO  : 'configparams mdm-detect-bscan-mask 2' command is executed.
22:42:11 INFO  : ----------------XSDB Script----------------
connect -url tcp:127.0.0.1:3121
targets -set -filter {jtag_cable_name =~ "RealDigital Boo 887100000000A" && level==0 && jtag_device_ctx=="jsn1-0362f093-0"}
fpga -file /home/drew/ece385/NESV/workspace/nesv/_ide/bitstream/nes.bit
targets -set -nocase -filter {name =~ "*microblaze*#0" && bscan=="USER2" }
loadhw -hw /home/drew/ece385/NESV/workspace/nes/export/nes/hw/nes.xsa -regs
configparams mdm-detect-bscan-mask 2
----------------End of Script----------------

22:42:11 INFO  : Launch script is exported to file '/home/drew/ece385/NESV/workspace/nesv_system/_ide/scripts/debugger_nesv-default.tcl'
22:42:25 INFO  : Disconnected from the channel tcfchan#9.
22:45:20 DEBUG : Logs will be stored at '/home/drew/ece385/NESV/workspace/IDE.log'.
22:45:20 INFO  : Launching XSCT server: xsct -n  -interactive /home/drew/ece385/NESV/workspace/temp_xsdb_launch_script.tcl
22:45:20 INFO  : Platform repository initialization has completed.
22:45:21 INFO  : XSCT server has started successfully.
22:45:21 INFO  : plnx-install-location is set to ''
22:45:21 INFO  : Successfully done setting XSCT server connection channel  
22:45:21 INFO  : Successfully done query RDI_DATADIR 
22:45:21 INFO  : Successfully done setting workspace for the tool. 
22:45:22 INFO  : Registering command handlers for Vitis TCF services
22:45:27 INFO  : Connected to target on host '127.0.0.1' and port '3121'.
22:45:27 INFO  : Jtag cable 'RealDigital Boo 887100000000A' is selected.
22:45:27 INFO  : 'jtag frequency' command is executed.
22:45:27 INFO  : 'targets -set -filter {jtag_cable_name =~ "RealDigital Boo 887100000000A" && level==0 && jtag_device_ctx=="jsn1-0362f093-0"}' command is executed.
22:45:28 INFO  : Device configured successfully with "/home/drew/ece385/NESV/workspace/nesv/_ide/bitstream/nes.bit"
22:45:28 INFO  : Context for processor 'microblaze_0' is selected.
22:45:28 INFO  : Hardware design and registers information is loaded from '/home/drew/ece385/NESV/workspace/nes/export/nes/hw/nes.xsa'.
22:45:28 INFO  : 'configparams mdm-detect-bscan-mask 2' command is executed.
22:45:28 INFO  : ----------------XSDB Script----------------
connect -url tcp:127.0.0.1:3121
targets -set -filter {jtag_cable_name =~ "RealDigital Boo 887100000000A" && level==0 && jtag_device_ctx=="jsn1-0362f093-0"}
fpga -file /home/drew/ece385/NESV/workspace/nesv/_ide/bitstream/nes.bit
targets -set -nocase -filter {name =~ "*microblaze*#0" && bscan=="USER2" }
loadhw -hw /home/drew/ece385/NESV/workspace/nes/export/nes/hw/nes.xsa -regs
configparams mdm-detect-bscan-mask 2
----------------End of Script----------------

22:45:28 INFO  : Launch script is exported to file '/home/drew/ece385/NESV/workspace/nesv_system/_ide/scripts/debugger_nesv-default.tcl'
22:46:28 INFO  : Disconnected from the channel tcfchan#1.
22:46:29 INFO  : Connected to target on host '127.0.0.1' and port '3121'.
22:46:29 INFO  : Jtag cable 'RealDigital Boo 887100000000A' is selected.
22:46:29 INFO  : 'jtag frequency' command is executed.
22:46:29 INFO  : 'targets -set -filter {jtag_cable_name =~ "RealDigital Boo 887100000000A" && level==0 && jtag_device_ctx=="jsn1-0362f093-0"}' command is executed.
22:46:31 INFO  : Device configured successfully with "/home/drew/ece385/NESV/workspace/nesv/_ide/bitstream/nes.bit"
22:46:31 INFO  : Context for processor 'microblaze_0' is selected.
22:46:31 INFO  : Hardware design and registers information is loaded from '/home/drew/ece385/NESV/workspace/nes/export/nes/hw/nes.xsa'.
22:46:31 INFO  : 'configparams mdm-detect-bscan-mask 2' command is executed.
22:46:31 INFO  : ----------------XSDB Script----------------
connect -url tcp:127.0.0.1:3121
targets -set -filter {jtag_cable_name =~ "RealDigital Boo 887100000000A" && level==0 && jtag_device_ctx=="jsn1-0362f093-0"}
fpga -file /home/drew/ece385/NESV/workspace/nesv/_ide/bitstream/nes.bit
targets -set -nocase -filter {name =~ "*microblaze*#0" && bscan=="USER2" }
loadhw -hw /home/drew/ece385/NESV/workspace/nes/export/nes/hw/nes.xsa -regs
configparams mdm-detect-bscan-mask 2
----------------End of Script----------------

22:46:31 INFO  : Launch script is exported to file '/home/drew/ece385/NESV/workspace/nesv_system/_ide/scripts/debugger_nesv-default.tcl'
22:47:06 INFO  : Disconnected from the channel tcfchan#2.
